2026-03-09 16:14:37 - INFO - 0 第1714章 对不起，生日快乐
2026-03-09 16:14:37 - INFO - 0 第1716章 火上浇油
2026-03-09 16:14:37 - INFO - 0 第1713章 哥哥回家了
2026-03-09 16:14:37 - INFO - 0 第1715章 公审大会！
2026-03-09 16:14:37 - INFO - 0 第1717章 得不到的便要毁掉！
2026-03-09 16:14:37 - INFO - 0 第1718章 第一千六百二十二章
2026-03-09 16:14:40 - INFO - 0 第1711章 我要做哥哥的.....
2026-03-09 16:14:40 - INFO - 0 第1712章 希望的光芒！
2026-03-09 16:14:40 - INFO - 0 第1709章 我不要你了！
2026-03-09 16:14:40 - INFO - 0 第1708章 绝望
2026-03-09 16:14:40 - INFO - 0 第1707章 一切都快结束了
2026-03-09 16:14:41 - INFO - 0 第1710章 我果然是个失败的哥哥！
2026-03-09 16:14:44 - INFO - 0 第1章 房间里的妹妹
2026-03-09 16:14:44 - INFO - 0 第2章 老子不是痴汉
2026-03-09 16:14:44 - INFO - 0 第6章 悲催之夜
2026-03-09 16:14:44 - INFO - 0 第5章 求种子
2026-03-09 16:14:44 - INFO - 0 第3章 夜神空樱与夜神琉璃
2026-03-09 16:14:44 - INFO - 0 第4章 冲突与暧昧
2026-03-09 16:14:47 - INFO - 0 第8章 警号12138
2026-03-09 16:14:47 - INFO - 0 第9章 女神唐果
2026-03-09 16:14:47 - INFO - 0 第7章 奉命尾随
2026-03-09 16:14:47 - INFO - 0 第11章 夜神姐妹遇险
2026-03-09 16:14:47 - INFO - 0 第12章 对战杀马特
2026-03-09 16:14:47 - INFO - 0 第10章 班长凌晓雨
2026-03-09 16:14:49 - INFO - 0 第18章 开学准备
2026-03-09 16:14:50 - INFO - 0 第13章 让我服侍你吧
2026-03-09 16:14:50 - INFO - 0 第14章 我能叫你哥哥吗
2026-03-09 16:14:50 - INFO - 0 第15章 吃饭
2026-03-09 16:14:50 - INFO - 0 第17章 三观破碎的空樱
2026-03-09 16:14:50 - INFO - 0 第16章 碰瓷
2026-03-09 16:14:52 - INFO - 0 第22章 调戏班长
2026-03-09 16:14:52 - INFO - 0 第19章 夜神琉璃的夜袭
2026-03-09 16:14:53 - INFO - 0 第20章 叫醒服务
2026-03-09 16:14:53 - INFO - 0 第21章 偷看胖次
2026-03-09 16:14:53 - INFO - 0 第23章 奇葩三巨头
2026-03-09 16:14:54 - INFO - 0 第24章 我的孽徒叫郝剑
2026-03-09 16:14:55 - INFO - 0 第25章 凌晓雨的报复
2026-03-09 16:14:55 - INFO - 0 第26章 打扫教室
2026-03-09 16:14:57 - INFO - 0 第27章 借个作业也被误会
2026-03-09 16:14:57 - INFO - 0 第29章 被威胁
2026-03-09 16:14:57 - INFO - 0 第28章 冷星星被绑架
2026-03-09 16:14:57 - INFO - 0 第32章 进警局
2026-03-09 16:14:57 - INFO - 0 第30章 打黑反腐，接收地盘
2026-03-09 16:14:58 - INFO - 0 第33章 回家
2026-03-09 16:14:58 - INFO - 0 第31章 气质高手洛神
2026-03-09 16:14:59 - INFO - 0 第37章 新东方文武学校来袭
2026-03-09 16:15:00 - INFO - 0 第34章 又被夜袭了
2026-03-09 16:15:00 - INFO - 0 第35章 学生会竞选开始
2026-03-09 16:15:00 - INFO - 0 第40章 万万没想到
2026-03-09 16:15:00 - INFO - 0 第36章 我简单的讲两句
2026-03-09 16:15:01 - INFO - 0 第38章 挑战
2026-03-09 16:15:02 - INFO - 0 第42章 差点丧失了
2026-03-09 16:15:02 - INFO - 0 第39章 这特么的都可以
2026-03-09 16:15:02 - INFO - 0 第44章 班干部选拔
2026-03-09 16:15:02 - INFO - 0 第43章 夏梦了无痕
2026-03-09 16:15:03 - INFO - 0 第41章 夜神空樱的请求
2026-03-09 16:15:04 - INFO - 0 第47章 第一女神紫小沐
2026-03-09 16:15:04 - INFO - 0 第48章 拜师成功
2026-03-09 16:15:05 - INFO - 0 第45章 新老师洛炎
2026-03-09 16:15:05 - INFO - 0 第46章 沈青丝
2026-03-09 16:15:05 - INFO - 0 第50章 输了做我女朋友
2026-03-09 16:15:05 - INFO - 0 第51章 家里的新成员
2026-03-09 16:15:05 - INFO - 0 第49章 绿翔技校柯震秋
2026-03-09 16:15:05 - INFO - 0 第52章 悲剧了
2026-03-09 16:15:08 - INFO - 0 第53章 夜神空樱再次夜袭
2026-03-09 16:15:08 - INFO - 0 第55章 做个好人太难啊
2026-03-09 16:15:08 - INFO - 0 第54章 教师资格证淘宝买的？
2026-03-09 16:15:08 - INFO - 0 第56章 何尚献计
2026-03-09 16:15:08 - INFO - 0 第57章 家教赌约
2026-03-09 16:15:09 - INFO - 0 第58章 转学来的神秘少女
2026-03-09 16:15:11 - INFO - 0 第59章 低成本武侠剧
2026-03-09 16:15:11 - INFO - 0 第61章 奇怪的夏玉婷
2026-03-09 16:15:12 - INFO - 0 第60章 不错的差事
2026-03-09 16:15:12 - INFO - 0 第62章 逛夜市
2026-03-09 16:15:12 - INFO - 0 第63章 高级沙龙
2026-03-09 16:15:12 - INFO - 0 第64章 差点被鞋子砸死
2026-03-09 16:15:13 - INFO - 0 第70章 紫小沐的条件
2026-03-09 16:15:15 - INFO - 0 第65章 和夏玉婷偶遇
2026-03-09 16:15:15 - INFO - 0 第66章 报告班长
2026-03-09 16:15:15 - INFO - 0 第67章 秒杀房祖吟
2026-03-09 16:15:15 - INFO - 0 第68章 谁说纸巾打折的？
2026-03-09 16:15:15 - INFO - 0 第69章 欺负紫小沐
2026-03-09 16:15:16 - INFO - 0 第73章 又是空樱
2026-03-09 16:15:17 - INFO - 0 第71章 来到拍摄基地
2026-03-09 16:15:18 - INFO - 0 第72章 拍戏受伤
2026-03-09 16:15:18 - INFO - 0 第74章 夜神琉璃被我欺负了
2026-03-09 16:15:18 - INFO - 0 第75章 特别的处理方式
2026-03-09 16:15:18 - INFO - 0 第76章 六大派围攻抄抄顶
2026-03-09 16:15:18 - INFO - 0 第78章 替夏玉婷出头
2026-03-09 16:15:20 - INFO - 0 第77章 斩龙传奇
2026-03-09 16:15:20 - INFO - 0 第81章 又受伤了
2026-03-09 16:15:20 - INFO - 0 第83章 傲娇的夜神琉璃
2026-03-09 16:15:21 - INFO - 0 第79章 又演坏人
2026-03-09 16:15:21 - INFO - 0 第80章 对戏
2026-03-09 16:15:22 - INFO - 0 第85章 缺席的夏玉婷
2026-03-09 16:15:22 - INFO - 0 第82章 夜神空樱的感动
2026-03-09 16:15:22 - INFO - 0 第86章 夏玉婷去哪儿
2026-03-09 16:15:23 - INFO - 0 第84章 小泽阿姨求抱抱
2026-03-09 16:15:23 - INFO - 0 第91章 夜袭改成早袭了
2026-03-09 16:15:24 - INFO - 0 第87章 中国好司机
2026-03-09 16:15:24 - INFO - 0 第88章 讨债
2026-03-09 16:15:24 - INFO - 0 第92章 落寞的夏玉婷
2026-03-09 16:15:25 - INFO - 0 第90章 拥抱夜神姐妹
2026-03-09 16:15:25 - INFO - 0 第89章 不幸的家庭
2026-03-09 16:15:26 - INFO - 0 第96章 来晚了吗
2026-03-09 16:15:27 - INFO - 0 第93章 找帮手
2026-03-09 16:15:28 - INFO - 0 第94章 被带到酒店去了
2026-03-09 16:15:28 - INFO - 0 第99章 谁救的我
2026-03-09 16:15:28 - INFO - 0 第95章 她怎么会在这里
2026-03-09 16:15:28 - INFO - 0 第98章 暗黑世界
2026-03-09 16:15:28 - INFO - 0 第97章 惨败
2026-03-09 16:15:30 - INFO - 0 第104章 热情的小泽阿姨
2026-03-09 16:15:30 - INFO - 0 第100章 我爱你空樱
2026-03-09 16:15:31 - INFO - 0 第101章 琉璃又傲娇了
2026-03-09 16:15:31 - INFO - 0 第102章 洛炎的疑虑
2026-03-09 16:15:31 - INFO - 0 第103章 奇葩三巨头再聚首
2026-03-09 16:15:31 - INFO - 0 第105章 请家教
2026-03-09 16:15:33 - INFO - 0 第106章 暧昧的关系
2026-03-09 16:15:33 - INFO - 0 第107章 兄妹
2026-03-09 16:15:34 - INFO - 0 第108章 特工紫小沐
2026-03-09 16:15:34 - INFO - 0 第110章 夜神琉璃的隐藏属性
2026-03-09 16:15:34 - INFO - 0 第109章 空樱下厨
2026-03-09 16:15:35 - INFO - 0 第111章 采访冷星星
2026-03-09 16:15:36 - INFO - 0 第112章 新的危机
2026-03-09 16:15:37 - INFO - 0 第113章 心痛
2026-03-09 16:15:37 - INFO - 0 第114章 如果不是兄妹呢
2026-03-09 16:15:38 - INFO - 0 第116章 惹怒周洁澜
2026-03-09 16:15:38 - INFO - 0 第115章 周洁澜
2026-03-09 16:15:38 - INFO - 0 第117章 黄君托我给您带个话
2026-03-09 16:15:40 - INFO - 0 第118章 老爸出差
2026-03-09 16:15:40 - INFO - 0 第119章 琉璃道歉
2026-03-09 16:15:41 - INFO - 0 第120章 猫系装
2026-03-09 16:15:41 - INFO - 0 第122章 云朵
2026-03-09 16:15:41 - INFO - 0 第123章 罚站
2026-03-09 16:15:41 - INFO - 0 第121章 非主流美女
2026-03-09 16:15:42 - INFO - 0 第127章 初吻没了
2026-03-09 16:15:43 - INFO - 0 第124章 不祥的预感
2026-03-09 16:15:43 - INFO - 0 第125章 寻找空樱
2026-03-09 16:15:44 - INFO - 0 第126章 营救空樱
2026-03-09 16:15:44 - INFO - 0 第128章 冰火双重天
2026-03-09 16:15:44 - INFO - 0 第129章 复仇
2026-03-09 16:15:46 - INFO - 0 第130章 凌晓雨哭了
2026-03-09 16:15:46 - INFO - 0 第131章 二次骨折
2026-03-09 16:15:46 - INFO - 0 第132章 学校处分
2026-03-09 16:15:47 - INFO - 0 第133章 姐妹共浴
2026-03-09 16:15:47 - INFO - 0 第134章 雷雨之夜
2026-03-09 16:15:48 - INFO - 0 第135章 老爸归来
2026-03-09 16:15:49 - INFO - 0 第136章 校长有请
2026-03-09 16:15:49 - INFO - 0 第137章 挑战信
2026-03-09 16:15:50 - INFO - 0 第138章 万事屋的新任务
2026-03-09 16:15:51 - INFO - 0 第139章 赵灵儿
2026-03-09 16:15:51 - INFO - 0 第140章 夏玉婷
2026-03-09 16:15:51 - INFO - 0 第141章 被发现了
2026-03-09 16:15:52 - INFO - 0 第142章 误会解除
2026-03-09 16:15:53 - INFO - 0 第143章 郝剑的妹妹
2026-03-09 16:15:53 - INFO - 0 第144章 帮助唐果
2026-03-09 16:15:54 - INFO - 0 第145章 唐果的身世
2026-03-09 16:15:54 - INFO - 0 第146章 木村出事
2026-03-09 16:15:54 - INFO - 0 第147章 被埋伏了
2026-03-09 16:15:55 - INFO - 0 第148章 正义联盟出现
2026-03-09 16:15:56 - INFO - 0 第149章 银丝雀
2026-03-09 16:15:56 - INFO - 0 第150章 夏箭侠
2026-03-09 16:15:57 - INFO - 0 第151章 木村回来了
2026-03-09 16:15:57 - INFO - 0 第152章 抓奸狂魔
2026-03-09 16:15:57 - INFO - 0 第153章 云飞扬的挑战
2026-03-09 16:15:59 - INFO - 0 第154章 都敏帅
2026-03-09 16:15:59 - INFO - 0 第155章 洛炎的大礼
2026-03-09 16:16:00 - INFO - 0 第156章 再遇碰瓷大爷
2026-03-09 16:16:00 - INFO - 0 第157章 杀了他们
2026-03-09 16:16:00 - INFO - 0 第158章 夜神姐妹的相册
2026-03-09 16:16:01 - INFO - 0 第159章 赵灵儿请客
2026-03-09 16:16:02 - INFO - 0 第160章 冷星星有麻烦了
2026-03-09 16:16:02 - INFO - 0 第161章 请你吃麻辣烫
2026-03-09 16:16:03 - INFO - 0 第162章 天麟哥抱紧我
2026-03-09 16:16:03 - INFO - 0 第163章 参加宴会
2026-03-09 16:16:04 - INFO - 0 第164章 又被挑战了
2026-03-09 16:16:04 - INFO - 0 第165章 紫小沐的第一个条件
2026-03-09 16:16:05 - INFO - 0 第168章 抵制周洁澜
2026-03-09 16:16:05 - INFO - 0 第166章 反常的周洁澜
2026-03-09 16:16:06 - INFO - 0 第167章 习武开始
2026-03-09 16:16:07 - INFO - 0 第169章 魔鬼训练
2026-03-09 16:16:07 - INFO - 0 第170章 夜神琉璃的态度
2026-03-09 16:16:07 - INFO - 0 第171章 尴尬的敷药
2026-03-09 16:16:08 - INFO - 0 第172章 又当了回痴汉
2026-03-09 16:16:08 - INFO - 0 第173章 温馨的家人
2026-03-09 16:16:09 - INFO - 0 第174章 夏玉婷来看我
2026-03-09 16:16:10 - INFO - 0 第175章 心中的信念
2026-03-09 16:16:10 - INFO - 0 第176章 班长有请
2026-03-09 16:16:11 - INFO - 0 第177章 擂台测试
2026-03-09 16:16:11 - INFO - 0 第178章 进击的唐果
2026-03-09 16:16:12 - INFO - 0 第179章 暴走的唐果
2026-03-09 16:16:12 - INFO - 0 第180章 凌晓雨的警告
2026-03-09 16:16:13 - INFO - 0 第181章 先洗澡还是先吃饭
2026-03-09 16:16:13 - INFO - 0 第182章 教夜神姐妹
2026-03-09 16:16:14 - INFO - 0 第183章 夜神姐妹
2026-03-09 16:16:15 - INFO - 0 第184章 煞气冲天
2026-03-09 16:16:15 - INFO - 0 第185章 找到目标
2026-03-09 16:16:15 - INFO - 0 第186章 人贩绑架
2026-03-09 16:16:17 - INFO - 0 第187章 异次元的狙击手
2026-03-09 16:16:17 - INFO - 0 第188章 脑洞少女拜师
2026-03-09 16:16:17 - INFO - 0 第189章 论道谢的方法
2026-03-09 16:16:18 - INFO - 0 第190章 公主床
2026-03-09 16:16:18 - INFO - 0 第191章 联系百里紫冰
2026-03-09 16:16:19 - INFO - 0 第192章 兑现承诺
2026-03-09 16:16:20 - INFO - 0 第193章 惩罚夜神琉璃
2026-03-09 16:16:20 - INFO - 0 第194章 来到体育馆
2026-03-09 16:16:20 - INFO - 0 第195章 梦幻演唱会
2026-03-09 16:16:21 - INFO - 0 第196章 见到百里紫冰
2026-03-09 16:16:22 - INFO - 0 第197章 遇到埋伏
2026-03-09 16:16:22 - INFO - 0 第198章 偷袭
2026-03-09 16:16:23 - INFO - 0 第199章 西装男的条件
2026-03-09 16:16:23 - INFO - 0 第200章 黄金圣斗士
2026-03-09 16:16:23 - INFO - 0 第1718章 第一千六百二十二章
2026-03-09 16:16:24 - INFO - 0 第1717章 得不到的便要毁掉！
2026-03-09 16:16:25 - INFO - 0 第1716章 火上浇油
2026-03-09 16:16:25 - INFO - 0 第1715章 公审大会！
2026-03-09 16:16:26 - INFO - 0 第1714章 对不起，生日快乐
2026-03-09 16:16:27 - INFO - 0 第1713章 哥哥回家了
2026-03-09 16:16:27 - INFO - 0 第1712章 希望的光芒！
2026-03-09 16:16:27 - INFO - 0 第1711章 我要做哥哥的.....
2026-03-09 16:16:28 - INFO - 0 第1710章 我果然是个失败的哥哥！
2026-03-09 16:16:28 - INFO - 0 第1709章 我不要你了！
2026-03-09 16:16:29 - INFO - 0 第1708章 绝望
2026-03-09 16:16:30 - INFO - 0 第1707章 一切都快结束了
2026-03-09 16:16:30 - INFO - 0 第201章 营救百里紫冰
2026-03-09 16:16:31 - INFO - 0 第202章 洛炎来了
2026-03-09 16:16:31 - INFO - 0 第203章 奇怪的优盘
2026-03-09 16:16:32 - INFO - 0 第204章 与空樱的约定
2026-03-09 16:16:33 - INFO - 0 第205章 琉璃请客
2026-03-09 16:16:33 - INFO - 0 第206章 一起去游乐场
2026-03-09 16:16:33 - INFO - 0 第207章 谁比较重要
2026-03-09 16:16:34 - INFO - 0 第208章 我要打十个
2026-03-09 16:16:35 - INFO - 0 第209章 摩天轮
2026-03-09 16:16:35 - INFO - 0 第210章 夏玉婷的心事
2026-03-09 16:16:36 - INFO - 0 第211章 巧遇凌晓雨
2026-03-09 16:16:36 - INFO - 0 第212章 唐果失踪
2026-03-09 16:16:37 - INFO - 0 第213章 受惊的小白兔
2026-03-09 16:16:37 - INFO - 0 第214章 又暴走了
2026-03-09 16:16:38 - INFO - 0 第215章 服装店
2026-03-09 16:16:38 - INFO - 0 第216章 小泽阿姨的伤疤
2026-03-09 16:16:39 - INFO - 0 第217章 扭曲的记忆
2026-03-09 16:16:40 - INFO - 0 第218章 赴约
2026-03-09 16:16:40 - INFO - 0 第219章 又要演坏人
2026-03-09 16:16:40 - INFO - 0 第220章 空樱进步了
2026-03-09 16:16:41 - INFO - 0 第221章 扁头同学
2026-03-09 16:16:41 - INFO - 0 第222章 新学生证
2026-03-09 16:16:43 - INFO - 0 第223章 樱花也是韩国的
2026-03-09 16:16:43 - INFO - 0 第224章 谁在叫我
2026-03-09 16:16:43 - INFO - 0 第225章 难缠的蓝茗绣
2026-03-09 16:16:44 - INFO - 0 第226章 洛炎的老板
2026-03-09 16:16:44 - INFO - 0 第227章 求助洛炎
2026-03-09 16:16:45 - INFO - 0 第228章 退休大师
2026-03-09 16:16:46 - INFO - 0 第229章 命劫
2026-03-09 16:16:46 - INFO - 0 第230章 空樱的安慰
2026-03-09 16:16:46 - INFO - 0 第231章 向琉璃坦白
2026-03-09 16:16:47 - INFO - 0 第232章 小泽阿姨的开导
2026-03-09 16:16:48 - INFO - 0 第233章 小轩要回来了
2026-03-09 16:16:48 - INFO - 0 第234章 又被陷害了
2026-03-09 16:16:49 - INFO - 0 第235章 吻上凌晓雨
2026-03-09 16:16:49 - INFO - 0 第236章 什么是现房
2026-03-09 16:16:50 - INFO - 0 第237章 一百块钱都不给我
2026-03-09 16:16:50 - INFO - 0 第238章 公报私仇
2026-03-09 16:16:51 - INFO - 0 第239章 强吻夜神琉璃
2026-03-09 16:16:51 - INFO - 0 第240章 琉璃的报复
2026-03-09 16:16:52 - INFO - 0 第241章 六芒星吊坠
2026-03-09 16:16:53 - INFO - 0 第243章 旅游计划
2026-03-09 16:16:53 - INFO - 0 第242章 洛炎疗伤
2026-03-09 16:16:53 - INFO - 0 第244章 老爸的询问
2026-03-09 16:16:54 - INFO - 0 第245章 一日不见如隔三秋
2026-03-09 16:16:54 - INFO - 0 第246章 老王的烦恼
2026-03-09 16:16:56 - INFO - 0 第247章 搬家
2026-03-09 16:16:56 - INFO - 0 第248章 拦路狗
2026-03-09 16:16:56 - INFO - 0 第249章 诊断书
2026-03-09 16:16:57 - INFO - 0 第250章 询问夏玉婷
2026-03-09 16:16:57 - INFO - 0 第251章 诊断书上的名字
2026-03-09 16:16:58 - INFO - 0 第252章 巧遇紫小沐
2026-03-09 16:16:59 - INFO - 0 第253章 霸道的紫小沐
2026-03-09 16:16:59 - INFO - 0 第254章 向城堡进击
2026-03-09 16:16:59 - INFO - 0 第255章 帮忙的条件
2026-03-09 16:17:00 - INFO - 0 第256章 神秘的文件夹
2026-03-09 16:17:01 - INFO - 0 第257章 紫小沐的身世
2026-03-09 16:17:01 - INFO - 0 第258章 瞒天过海
2026-03-09 16:17:02 - INFO - 0 第259章 吃醋的夏玉婷
2026-03-09 16:17:02 - INFO - 0 第260章 又被骗了
2026-03-09 16:17:03 - INFO - 0 第261章 第两百六十一 旅游泡汤
2026-03-09 16:17:03 - INFO - 0 第262章 空樱的泳衣
2026-03-09 16:17:04 - INFO - 0 第263章 舞台剧献策
2026-03-09 16:17:04 - INFO - 0 第264章 脑洞大开
2026-03-09 16:17:05 - INFO - 0 第265章 又有新同学了
2026-03-09 16:17:06 - INFO - 0 第266章 妖孽
2026-03-09 16:17:06 - INFO - 0 第267章 安顿小轩
2026-03-09 16:17:07 - INFO - 0 第268章 周洁澜的警告
2026-03-09 16:17:07 - INFO - 0 第269章 欺负周洁澜
2026-03-09 16:17:08 - INFO - 0 第270章 空樱受伤
2026-03-09 16:17:09 - INFO - 0 第271章 我会给你讨回公道
2026-03-09 16:17:09 - INFO - 0 第272章 找到王语嫣
2026-03-09 16:17:09 - INFO - 0 第273章 算账
2026-03-09 16:17:10 - INFO - 0 第274章 谣言风波
2026-03-09 16:17:11 - INFO - 0 第275章 冷星星发威
2026-03-09 16:17:11 - INFO - 0 第276章 新的条件
2026-03-09 16:17:12 - INFO - 0 第277章 王语嫣的报复
2026-03-09 16:17:12 - INFO - 0 第278章 秒杀F4
2026-03-09 16:17:13 - INFO - 0 第279章 第两百七十九 悲剧的王语嫣
2026-03-09 16:17:13 - INFO - 0 第280章 绝世秘籍
2026-03-09 16:17:14 - INFO - 0 第281章 安慰蓝茗绣
2026-03-09 16:17:14 - INFO - 0 第282章 空樱的日本朋友
2026-03-09 16:17:15 - INFO - 0 第283章 苍井美姬
2026-03-09 16:17:16 - INFO - 0 第284章 空樱的道歉
2026-03-09 16:17:16 - INFO - 0 第285章 琉璃，张开嘴
2026-03-09 16:17:16 - INFO - 0 第286章 扛把子徐航
2026-03-09 16:17:17 - INFO - 0 第287章 看，飞碟
2026-03-09 16:17:17 - INFO - 0 第288章 教师评选
2026-03-09 16:17:19 - INFO - 0 第289章 第两百八十九 情侣餐厅
2026-03-09 16:17:19 - INFO - 0 第290章 怎么是你
2026-03-09 16:17:19 - INFO - 0 第291章 占唐果便宜
2026-03-09 16:17:20 - INFO - 0 第292章 唐果昏迷
2026-03-09 16:17:20 - INFO - 0 第293章 猫系的空樱
2026-03-09 16:17:21 - INFO - 0 第294章 哥哥，请惩罚我吧
2026-03-09 16:17:22 - INFO - 0 第295章 琉璃的诡计
2026-03-09 16:17:22 - INFO - 0 第296章 矢王的挑战
2026-03-09 16:17:22 - INFO - 0 第297章 小轩的请求
2026-03-09 16:17:23 - INFO - 0 第298章 又有新任务了
2026-03-09 16:17:24 - INFO - 0 第299章 韩心月的姐姐
2026-03-09 16:17:24 - INFO - 0 第300章 看望唐果
2026-03-09 16:17:25 - INFO - 0 第301章 被凌晓雨胖揍
2026-03-09 16:17:26 - INFO - 0 第302章 琉璃，给哥哥道歉！
2026-03-09 16:17:26 - INFO - 0 第303章 论下毒的方法
2026-03-09 16:17:26 - INFO - 0 第304章 请对我做过分的事情吧
2026-03-09 16:17:27 - INFO - 0 第305章 终于不用吃狗食了
2026-03-09 16:17:27 - INFO - 0 第306章 透心凉，心飞扬
2026-03-09 16:17:28 - INFO - 0 第307章 奇怪的小轩
2026-03-09 16:17:29 - INFO - 0 第308章 王语嫣的阴谋
2026-03-09 16:17:29 - INFO - 0 第309章 第三百零九 银丝雀居然是！
2026-03-09 16:17:29 - INFO - 0 第310章 紫小沐的秘密
2026-03-09 16:17:30 - INFO - 0 第311章 向紫小沐表白
2026-03-09 16:17:30 - INFO - 0 第312章 冷星星来电
2026-03-09 16:17:31 - INFO - 0 第313章 后妈有点不对劲
2026-03-09 16:17:32 - INFO - 0 第314章 天麟木有小丁丁
2026-03-09 16:17:32 - INFO - 0 第315章 商讨对策
2026-03-09 16:17:33 - INFO - 0 第316章 后妈的秘密
2026-03-09 16:17:34 - INFO - 0 第317章 虚惊一场
2026-03-09 16:17:34 - INFO - 0 第318章 情侣座
2026-03-09 16:17:35 - INFO - 0 第319章 Durex
2026-03-09 16:17:35 - INFO - 0 第320章 夏玉婷的病态
2026-03-09 16:17:36 - INFO - 0 第321章 运动会赔率
2026-03-09 16:17:36 - INFO - 0 第322章 文武学校，校长武无敌！
2026-03-09 16:17:37 - INFO - 0 第323章 入场仪式
2026-03-09 16:17:37 - INFO - 0 第324章 文武学校的校花
2026-03-09 16:17:38 - INFO - 0 第325章 凌晓雨的克星
2026-03-09 16:17:38 - INFO - 0 第326章 短跑比赛
2026-03-09 16:17:39 - INFO - 0 第327章 林枯
2026-03-09 16:17:39 - INFO - 0 第328章 叶麟要来挑战我？
2026-03-09 16:17:40 - INFO - 0 第329章 强悍的颜飞花
2026-03-09 16:17:41 - INFO - 0 第333章 夏玉婷
2026-03-09 16:17:41 - INFO - 0 第330章 回旋击！
2026-03-09 16:17:41 - INFO - 0 第334章 安慰班长
2026-03-09 16:17:41 - INFO - 0 第331章 冷星星受伤
2026-03-09 16:17:42 - INFO - 0 第332章 空樱的误会
2026-03-09 16:17:43 - INFO - 0 第335章 凌晓雨昏倒
2026-03-09 16:17:44 - INFO - 0 第336章 下午的比赛开始了
2026-03-09 16:17:44 - INFO - 0 第337章 接力赛
2026-03-09 16:17:44 - INFO - 0 第338章 智力对抗
2026-03-09 16:17:44 - INFO - 0 第339章 决战开始了
2026-03-09 16:17:45 - INFO - 0 第340章 意念对决
2026-03-09 16:17:47 - INFO - 0 第341章 战胜陆虎
2026-03-09 16:17:47 - INFO - 0 第342章 凌晓雨的关心
2026-03-09 16:17:47 - INFO - 0 第343章 反击开始
2026-03-09 16:17:47 - INFO - 0 第344章 真有飞碟？
2026-03-09 16:17:48 - INFO - 0 第345章 虚弱的空樱
2026-03-09 16:17:48 - INFO - 0 第346章 铁拳王朝
2026-03-09 16:17:50 - INFO - 0 第347章 麒麟臂差点废了
2026-03-09 16:17:50 - INFO - 0 第349章 第一高手竟然是！
2026-03-09 16:17:50 - INFO - 0 第348章 当众脱光
2026-03-09 16:17:51 - INFO - 0 第350章 神器碎了
2026-03-09 16:17:51 - INFO - 0 第351章 哥哥，让我替你死掉吧！
2026-03-09 16:17:51 - INFO - 0 第352章 妹控之怒！
2026-03-09 16:17:53 - INFO - 0 第353章 一梦初醒已十年
2026-03-09 16:17:54 - INFO - 0 第355章 我什么也不记得
2026-03-09 16:17:54 - INFO - 0 第354章 到底发生了什么
2026-03-09 16:17:54 - INFO - 0 第356章 共浴
2026-03-09 16:17:54 - INFO - 0 第357章 南柯一梦
2026-03-09 16:17:55 - INFO - 0 第358章 空樱来了
2026-03-09 16:17:57 - INFO - 0 第359章 被琉璃恶整
2026-03-09 16:17:57 - INFO - 0 第360章 百里紫冰的电话
2026-03-09 16:17:57 - INFO - 0 第361章 唐果又受惊了
2026-03-09 16:17:57 - INFO - 0 第362章 关于我的问题
2026-03-09 16:17:57 - INFO - 0 第363章 百里紫冰
2026-03-09 16:17:58 - INFO - 0 第364章 比赛的视频
2026-03-09 16:18:00 - INFO - 0 第365章 王语嫣失踪
2026-03-09 16:18:00 - INFO - 0 第366章 世界那么大，我想去看看
2026-03-09 16:18:00 - INFO - 0 第367章 周开的线索
2026-03-09 16:18:00 - INFO - 0 第368章 柯南入伙
2026-03-09 16:18:01 - INFO - 0 第369章 哥哥，你伤害他就先打倒我！
2026-03-09 16:18:01 - INFO - 0 第370章 小泽阿姨的询问
2026-03-09 16:18:03 - INFO - 0 第371章 山崎的故事
2026-03-09 16:18:03 - INFO - 0 第372章 真心话大冒险
2026-03-09 16:18:03 - INFO - 0 第373章 夜神琉璃的表白
2026-03-09 16:18:04 - INFO - 0 第374章 终于学乖了
2026-03-09 16:18:04 - INFO - 0 第375章 琉璃变成空樱了？
2026-03-09 16:18:04 - INFO - 0 第376章 我投降！
2026-03-09 16:18:06 - INFO - 0 第377章 计划分析
2026-03-09 16:18:07 - INFO - 0 第378章 调查遇阻
2026-03-09 16:18:07 - INFO - 0 第379章 碰瓷大爷神助攻
2026-03-09 16:18:07 - INFO - 0 第380章 目标，东山市！
2026-03-09 16:18:07 - INFO - 0 第381章 抗日剧
2026-03-09 16:18:08 - INFO - 0 第382章 紫小沐的第二个条件
2026-03-09 16:18:09 - INFO - 0 第383章 传说中的睡美人
2026-03-09 16:18:10 - INFO - 0 第384章 紫小沐要离开！
2026-03-09 16:18:10 - INFO - 0 第385章 进发，东山市！
2026-03-09 16:18:10 - INFO - 0 第386章 第三次忍者大战
2026-03-09 16:18:10 - INFO - 0 第387章 初遇艾米
2026-03-09 16:18:11 - INFO - 0 第388章 差点被扔到鳄鱼池
2026-03-09 16:18:13 - INFO - 0 第389章 跟叶麟对话
2026-03-09 16:18:13 - INFO - 0 第390章 对方是个高手
2026-03-09 16:18:13 - INFO - 0 第391章 帝王大厦
2026-03-09 16:18:14 - INFO - 0 第392章 营救开始
2026-03-09 16:18:14 - INFO - 0 第393章 秘密场所
2026-03-09 16:18:14 - INFO - 0 第394章 韩梅梅
2026-03-09 16:18:16 - INFO - 0 第395章 带着神兽刷副本
2026-03-09 16:18:17 - INFO - 0 第397章 冤家路窄
2026-03-09 16:18:17 - INFO - 0 第396章 终于找到了
2026-03-09 16:18:17 - INFO - 0 第398章 银丝雀危机！
2026-03-09 16:18:17 - INFO - 0 第399章 周洁澜失踪
2026-03-09 16:18:18 - INFO - 0 第400章 龙殇
2026-03-09 16:18:19 - INFO - 0 第1718章 第一千六百二十二章
2026-03-09 16:18:20 - INFO - 0 第1717章 得不到的便要毁掉！
2026-03-09 16:18:20 - INFO - 0 第1716章 火上浇油
2026-03-09 16:18:20 - INFO - 0 第1715章 公审大会！
2026-03-09 16:18:20 - INFO - 0 第1714章 对不起，生日快乐
2026-03-09 16:18:21 - INFO - 0 第1713章 哥哥回家了
2026-03-09 16:18:22 - INFO - 0 第1712章 希望的光芒！
2026-03-09 16:18:23 - INFO - 0 第1711章 我要做哥哥的.....
2026-03-09 16:18:23 - INFO - 0 第1710章 我果然是个失败的哥哥！
2026-03-09 16:18:23 - INFO - 0 第1709章 我不要你了！
2026-03-09 16:18:23 - INFO - 0 第1708章 绝望
2026-03-09 16:18:24 - INFO - 0 第1707章 一切都快结束了
2026-03-09 16:18:26 - INFO - 0 第401章 招募新成员
2026-03-09 16:18:26 - INFO - 0 第402章 空樱，我回来了
2026-03-09 16:18:26 - INFO - 0 第403章 好久不见，琉璃
2026-03-09 16:18:27 - INFO - 0 第404章 琉璃的解释
2026-03-09 16:18:27 - INFO - 0 第405章 唐果的心结
2026-03-09 16:18:27 - INFO - 0 第406章 都敏帅又调皮了
2026-03-09 16:18:29 - INFO - 0 第407章 王语嫣请客
2026-03-09 16:18:29 - INFO - 0 第408章 紫小沐，你的事情我管！
2026-03-09 16:18:30 - INFO - 0 第409章 冷星星的馊主意
2026-03-09 16:18:30 - INFO - 0 第410章 空樱被骚扰
2026-03-09 16:18:30 - INFO - 0 第411章 红酒宴
2026-03-09 16:18:30 - INFO - 0 第412章 王语嫣告白
2026-03-09 16:18:32 - INFO - 0 第413章 凌晓雨的选择
2026-03-09 16:18:33 - INFO - 0 第414章 唐果的勇气
2026-03-09 16:18:33 - INFO - 0 第415章 我不会害怕你了！
2026-03-09 16:18:33 - INFO - 0 第416章 好司机的女儿
2026-03-09 16:18:33 - INFO - 0 第417章 决战的条件
2026-03-09 16:18:34 - INFO - 0 第418章 反手摸肚脐
2026-03-09 16:18:35 - INFO - 0 第419章 岛国的朋友要来了
2026-03-09 16:18:36 - INFO - 0 第420章 琉璃的武士道精神
2026-03-09 16:18:36 - INFO - 0 第421章 减肥失败
2026-03-09 16:18:36 - INFO - 0 第422章 奔跑吧，琉璃！
2026-03-09 16:18:36 - INFO - 0 第423章 天麟哥，臣妾做不到啊
2026-03-09 16:18:37 - INFO - 0 第424章 唐果怎么了？
2026-03-09 16:18:39 - INFO - 0 第425章 公交车上
2026-03-09 16:18:39 - INFO - 0 第426章 唐果的请求
2026-03-09 16:18:39 - INFO - 0 第427章 开启，真红之瞳！
2026-03-09 16:18:39 - INFO - 0 第428章 强吻凌晓雨
2026-03-09 16:18:40 - INFO - 0 第429章 这下死定了！
2026-03-09 16:18:40 - INFO - 0 第430章 倒插门女婿
2026-03-09 16:18:42 - INFO - 0 第431章 我的节操也是有底线的！
2026-03-09 16:18:42 - INFO - 0 第432章 节操碎了
2026-03-09 16:18:43 - INFO - 0 第433章 美好的一天又开始了
2026-03-09 16:18:43 - INFO - 0 第434章 躺枪的小轩
2026-03-09 16:18:43 - INFO - 0 第435章 紫小沐退学了
2026-03-09 16:18:44 - INFO - 0 第436章 小轩要自杀
2026-03-09 16:18:45 - INFO - 0 第437章 大闹校长室
2026-03-09 16:18:46 - INFO - 0 第438章 夏玉婷的加油方式
2026-03-09 16:18:46 - INFO - 0 第439章 尴尬的见面
2026-03-09 16:18:46 - INFO - 0 第440章 论翻墙的方法
2026-03-09 16:18:46 - INFO - 0 第441章 周洁澜来了
2026-03-09 16:18:47 - INFO - 0 第442章 安顿紫小沐
2026-03-09 16:18:49 - INFO - 0 第443章 又见六芒星！
2026-03-09 16:18:49 - INFO - 0 第444章 紫小沐的哥哥
2026-03-09 16:18:49 - INFO - 0 第446章 拯救伪娘计划
2026-03-09 16:18:49 - INFO - 0 第445章 锁骨放硬币
2026-03-09 16:18:50 - INFO - 0 第447章 装叉神器
2026-03-09 16:18:50 - INFO - 0 第448章 紫小沐，等着我！
2026-03-09 16:18:52 - INFO - 0 第449章 谈判的筹码
2026-03-09 16:18:52 - INFO - 0 第450章 终于松口了
2026-03-09 16:18:52 - INFO - 0 第451章 紫小沐的追问
2026-03-09 16:18:52 - INFO - 0 第452章 我是雯雯的二大爷
2026-03-09 16:18:53 - INFO - 0 第453章 禽兽文
2026-03-09 16:18:53 - INFO - 0 第454章 代表月亮消灭你
2026-03-09 16:18:55 - INFO - 0 第455章 陪我走走吧
2026-03-09 16:18:55 - INFO - 0 第456章 紫色庄园
2026-03-09 16:18:56 - INFO - 0 第458章 美少女战士
2026-03-09 16:18:56 - INFO - 0 第457章 你又夺走我的初吻！
2026-03-09 16:18:56 - INFO - 0 第459章 淬炼麒麟臂好难
2026-03-09 16:18:57 - INFO - 0 第460章 又被误会了
2026-03-09 16:18:58 - INFO - 0 第461章 解释清了吧
2026-03-09 16:18:59 - INFO - 0 第462章 新来的体育老师
2026-03-09 16:18:59 - INFO - 0 第463章 琉璃中毒
2026-03-09 16:18:59 - INFO - 0 第464章 僵尸肉
2026-03-09 16:18:59 - INFO - 0 第465章 琉璃叫我哥哥了！
2026-03-09 16:19:00 - INFO - 0 第466章 空樱版的琉璃
2026-03-09 16:19:02 - INFO - 0 第467章 女神之战
2026-03-09 16:19:02 - INFO - 0 第468章 单身承诺
2026-03-09 16:19:02 - INFO - 0 第469章 你正常吗？
2026-03-09 16:19:02 - INFO - 0 第470章 不做死就不会死！
2026-03-09 16:19:03 - INFO - 0 第471章 祸不单行
2026-03-09 16:19:03 - INFO - 0 第472章 苍井美姬来了
2026-03-09 16:19:05 - INFO - 0 第478章 未卜先知
2026-03-09 16:19:05 - INFO - 0 第473章 琉璃的警告
2026-03-09 16:19:05 - INFO - 0 第474章 撕逼大战
2026-03-09 16:19:05 - INFO - 0 第475章 美姬的条件
2026-03-09 16:19:06 - INFO - 0 第476章 被告白了
2026-03-09 16:19:06 - INFO - 0 第477章 卑鄙
2026-03-09 16:19:08 - INFO - 0 第479章 霍璃联盟
2026-03-09 16:19:08 - INFO - 0 第480章 异样的紫家
2026-03-09 16:19:08 - INFO - 0 第481章 宝藏节
2026-03-09 16:19:09 - INFO - 0 第482章 班长大法好！
2026-03-09 16:19:09 - INFO - 0 第483章 德智体美劳
2026-03-09 16:19:09 - INFO - 0 第484章 误会冷星星
2026-03-09 16:19:11 - INFO - 0 第485章 冷星星表白？
2026-03-09 16:19:11 - INFO - 0 第486章 宝藏到手
2026-03-09 16:19:12 - INFO - 0 第487章 洛炎也不见了
2026-03-09 16:19:12 - INFO - 0 第488章 天上人间头牌
2026-03-09 16:19:12 - INFO - 0 第489章 什么情况！
2026-03-09 16:19:12 - INFO - 0 第490章 仙人跳
2026-03-09 16:19:13 - INFO - 0 第493章 老爸的异常
2026-03-09 16:19:15 - INFO - 0 第491章 明星到我家
2026-03-09 16:19:15 - INFO - 0 第492章 到家
2026-03-09 16:19:15 - INFO - 0 第494章 被吵醒的空樱
2026-03-09 16:19:15 - INFO - 0 第495章 又省了一块钱
2026-03-09 16:19:15 - INFO - 0 第496章 我叫全志龙
2026-03-09 16:19:16 - INFO - 0 第497章 对战跆拳道
2026-03-09 16:19:18 - INFO - 0 第498章 金馆长
2026-03-09 16:19:18 - INFO - 0 第499章 踢馆
2026-03-09 16:19:18 - INFO - 0 第500章 如何证明你爸是你爸
2026-03-09 16:19:18 - INFO - 0 第501章 选择对手
2026-03-09 16:19:19 - INFO - 0 第502章 挑到人家馆长了！
2026-03-09 16:19:20 - INFO - 0 第503章 对战大师姐
2026-03-09 16:19:21 - INFO - 0 第504章 别逼我耍流氓！
2026-03-09 16:19:21 - INFO - 0 第505章 冷星星的表姐
2026-03-09 16:19:22 - INFO - 0 第507章 被神秘人绑架
2026-03-09 16:19:22 - INFO - 0 第506章 我的第十二房小妾？
2026-03-09 16:19:22 - INFO - 0 第508章 动刑！
2026-03-09 16:19:23 - INFO - 0 第509章 色诱之术
2026-03-09 16:19:24 - INFO - 0 第510章 无法控制！
2026-03-09 16:19:24 - INFO - 0 第511章 抓奸
2026-03-09 16:19:25 - INFO - 0 第513章 洛炎与紫家的关系！
2026-03-09 16:19:25 - INFO - 0 第512章 对战火云邪神
2026-03-09 16:19:25 - INFO - 0 第514章 其人之道还其彼身
2026-03-09 16:19:26 - INFO - 0 第515章 调戏苍井美姬
2026-03-09 16:19:28 - INFO - 0 第516章 琉璃的阴谋
2026-03-09 16:19:28 - INFO - 0 第517章 暴风雨前的宁静
2026-03-09 16:19:28 - INFO - 0 第518章 又来夜袭？
2026-03-09 16:19:28 - INFO - 0 第519章 有话好好说，别脱！
2026-03-09 16:19:29 - INFO - 0 第520章 我不会拿空樱做条件！
2026-03-09 16:19:30 - INFO - 0 第521章 空樱就是好哄
2026-03-09 16:19:31 - INFO - 0 第522章 闯祸了
2026-03-09 16:19:31 - INFO - 0 第523章 杀阡陌的弟弟
2026-03-09 16:19:32 - INFO - 0 第524章 夏凝阿姨出事
2026-03-09 16:19:32 - INFO - 0 第525章 又遇熟人
2026-03-09 16:19:32 - INFO - 0 第526章 落魄的贵族
2026-03-09 16:19:33 - INFO - 0 第527章 开后宫？
2026-03-09 16:19:34 - INFO - 0 第528章 装叉遭雷劈
2026-03-09 16:19:34 - INFO - 0 第529章 空樱发火！
2026-03-09 16:19:35 - INFO - 0 第530章 粗事了！
2026-03-09 16:19:35 - INFO - 0 第531章 敢骂空樱！
2026-03-09 16:19:35 - INFO - 0 第532章 铁齿铜牙紫小沐
2026-03-09 16:19:36 - INFO - 0 第533章 灰姑娘的故事
2026-03-09 16:19:37 - INFO - 0 第534章 向紫小沐坦白
2026-03-09 16:19:38 - INFO - 0 第535章 有色心没色胆
2026-03-09 16:19:38 - INFO - 0 第536章 把女神灌醉
2026-03-09 16:19:38 - INFO - 0 第537章 误会大了
2026-03-09 16:19:38 - INFO - 0 第538章 作死的搭讪
2026-03-09 16:19:39 - INFO - 0 第539章 BOSS大集合！
2026-03-09 16:19:40 - INFO - 0 第540章 不按套路出牌
2026-03-09 16:19:41 - INFO - 0 第541章 被围攻
2026-03-09 16:19:41 - INFO - 0 第543章 洛炎战新东方！
2026-03-09 16:19:41 - INFO - 0 第542章 七大高手内讧
2026-03-09 16:19:42 - INFO - 0 第544章 大不了做你女朋友
2026-03-09 16:19:43 - INFO - 0 第545章 凌晓雨疯了？
2026-03-09 16:19:44 - INFO - 0 第546章 开除学籍
2026-03-09 16:19:44 - INFO - 0 第547章 因为在乎，所以不想！
2026-03-09 16:19:45 - INFO - 0 第548章 校长我也照打不误
2026-03-09 16:19:45 - INFO - 0 第549章 分离（一）
2026-03-09 16:19:45 - INFO - 0 第550章 分离（二）
2026-03-09 16:19:46 - INFO - 0 第551章 分离（三）
2026-03-09 16:19:47 - INFO - 0 第552章 分离（四）
2026-03-09 16:19:47 - INFO - 0 第553章 美姬的特殊嗜好
2026-03-09 16:19:48 - INFO - 0 第554章 腿玩年
2026-03-09 16:19:48 - INFO - 0 第555章 坑爹的仙丹！
2026-03-09 16:19:48 - INFO - 0 第556章 比武大赛
2026-03-09 16:19:49 - INFO - 0 第557章 复仇开始
2026-03-09 16:19:50 - INFO - 0 第558章 阿麟和小芹？
2026-03-09 16:19:50 - INFO - 0 第559章 挑战赵日天
2026-03-09 16:19:51 - INFO - 0 第560章 吊打！
2026-03-09 16:19:51 - INFO - 0 第561章 武无敌来了
2026-03-09 16:19:51 - INFO - 0 第562章 你的梦想是什么
2026-03-09 16:19:52 - INFO - 0 第563章 趁人之危
2026-03-09 16:19:53 - INFO - 0 第566章 丧失暴龙兽
2026-03-09 16:19:53 - INFO - 0 第564章 孤注一掷！
2026-03-09 16:19:54 - INFO - 0 第565章 兽血沸腾！
2026-03-09 16:19:54 - INFO - 0 第567章 空樱的请求
2026-03-09 16:19:55 - INFO - 0 第568章 大被同眠
2026-03-09 16:19:56 - INFO - 0 第569章 一口盐汽水喷出来
2026-03-09 16:19:56 - INFO - 0 第570章 父爱如山
2026-03-09 16:19:57 - INFO - 0 第571章 因祸得福
2026-03-09 16:19:57 - INFO - 0 第572章 紫小沐的怀疑
2026-03-09 16:19:58 - INFO - 0 第573章 夏玉婷的决心
2026-03-09 16:19:58 - INFO - 0 第574章 挑战洛炎
2026-03-09 16:19:59 - INFO - 0 第575章 顿悟爆发！
2026-03-09 16:19:59 - INFO - 0 第576章 跟你混的条件
2026-03-09 16:20:00 - INFO - 0 第577章 被要挟？
2026-03-09 16:20:00 - INFO - 0 第578章 唐果又黑化了
2026-03-09 16:20:01 - INFO - 0 第580章 做我女朋友
2026-03-09 16:20:01 - INFO - 0 第579章 非我不嫁
2026-03-09 16:20:02 - INFO - 0 第581章 恋爱前规则
2026-03-09 16:20:02 - INFO - 0 第582章 桐山德正来了！
2026-03-09 16:20:03 - INFO - 0 第583章 接机
2026-03-09 16:20:03 - INFO - 0 第584章 初次交锋
2026-03-09 16:20:04 - INFO - 0 第585章 正邪难辨
2026-03-09 16:20:04 - INFO - 0 第586章 桐山德正的目的
2026-03-09 16:20:10 - INFO - 0 第587章 李天伊躺枪
2026-03-09 16:20:10 - INFO - 0 第588章 冷星星疯了？
2026-03-09 16:20:12 - INFO - 0 第591章 被捉奸属性
2026-03-09 16:20:12 - INFO - 0 第590章 曝光了！
2026-03-09 16:20:12 - INFO - 0 第592章 被开除的真相
2026-03-09 16:20:12 - INFO - 0 第589章 我不值得你这样
2026-03-09 16:20:13 - INFO - 0 第593章 慕容沧末！
2026-03-09 16:20:13 - INFO - 0 第594章 又遇退休
2026-03-09 16:20:15 - INFO - 0 第595章 桃花运
2026-03-09 16:20:15 - INFO - 0 第596章 优衣库的试衣间
2026-03-09 16:20:15 - INFO - 0 第597章 崩坏的衣扣
2026-03-09 16:20:15 - INFO - 0 第598章 再去影视城
2026-03-09 16:20:16 - INFO - 0 第599章 做我的男人！
2026-03-09 16:20:17 - INFO - 0 第600章 交易
2026-03-09 16:20:18 - INFO - 0 第1718章 第一千六百二十二章
2026-03-09 16:20:18 - INFO - 0 第1716章 火上浇油
2026-03-09 16:20:18 - INFO - 0 第1717章 得不到的便要毁掉！
2026-03-09 16:20:18 - INFO - 0 第1715章 公审大会！
2026-03-09 16:20:20 - INFO - 0 第1714章 对不起，生日快乐
2026-03-09 16:20:20 - INFO - 0 第1713章 哥哥回家了
2026-03-09 16:20:21 - INFO - 0 第1712章 希望的光芒！
2026-03-09 16:20:21 - INFO - 0 第1710章 我果然是个失败的哥哥！
2026-03-09 16:20:21 - INFO - 0 第1711章 我要做哥哥的.....
2026-03-09 16:20:21 - INFO - 0 第1709章 我不要你了！
2026-03-09 16:20:23 - INFO - 0 第1708章 绝望
2026-03-09 16:20:23 - INFO - 0 第1707章 一切都快结束了
2026-03-09 16:20:24 - INFO - 0 第601章 被动装叉技能
2026-03-09 16:20:25 - INFO - 0 第603章 危险！
2026-03-09 16:20:25 - INFO - 0 第602章 秀恩爱
2026-03-09 16:20:25 - INFO - 0 第604章 百里紫冰的危机
2026-03-09 16:20:26 - INFO - 0 第605章 德正请客
2026-03-09 16:20:26 - INFO - 0 第606章 琉璃的报复
2026-03-09 16:20:28 - INFO - 0 第607章 有妹有房，父母双忙
2026-03-09 16:20:28 - INFO - 0 第608章 人生咨询
2026-03-09 16:20:28 - INFO - 0 第610章 血色回忆！
2026-03-09 16:20:28 - INFO - 0 第609章 空樱一家的往事
2026-03-09 16:20:29 - INFO - 0 第611章 王梦纱的内存卡
2026-03-09 16:20:29 - INFO - 0 第612章 冷若羽找上门
2026-03-09 16:20:31 - INFO - 0 第613章 无赖战术
2026-03-09 16:20:31 - INFO - 0 第614章 空手道VS跆拳道
2026-03-09 16:20:31 - INFO - 0 第615章 桐山德正的实力
2026-03-09 16:20:31 - INFO - 0 第616章 又见黑衣人
2026-03-09 16:20:33 - INFO - 0 第617章 好戏开始了
2026-03-09 16:20:33 - INFO - 0 第618章 跟踪！
2026-03-09 16:20:34 - INFO - 0 第619章 交手！
2026-03-09 16:20:34 - INFO - 0 第620章 反击！
2026-03-09 16:20:34 - INFO - 0 第621章 第二个真红之瞳！
2026-03-09 16:20:34 - INFO - 0 第622章 二师兄的新目标
2026-03-09 16:20:36 - INFO - 0 第623章 你耍流氓是不是！
2026-03-09 16:20:36 - INFO - 0 第624章 难道要我看回来
2026-03-09 16:20:37 - INFO - 0 第625章 温泉度假村
2026-03-09 16:20:37 - INFO - 0 第626章 夜袭小轩
2026-03-09 16:20:38 - INFO - 0 第627章 试探失败
2026-03-09 16:20:38 - INFO - 0 第628章 神秘势力
2026-03-09 16:20:39 - INFO - 0 第629章 骗子霍天麟
2026-03-09 16:20:39 - INFO - 0 第630章 空樱
2026-03-09 16:20:41 - INFO - 0 第631章 审判大会
2026-03-09 16:20:41 - INFO - 0 第632章 阳光照是谁？
2026-03-09 16:20:41 - INFO - 0 第634章 紫小沐跳楼！
2026-03-09 16:20:41 - INFO - 0 第633章 紫家有请
2026-03-09 16:20:42 - INFO - 0 第635章 紫叔叔的态度
2026-03-09 16:20:42 - INFO - 0 第636章 喜事连连
2026-03-09 16:20:44 - INFO - 0 第637章 登山之旅
2026-03-09 16:20:44 - INFO - 0 第638章 被坑了
2026-03-09 16:20:44 - INFO - 0 第640章 琉璃变丫鬟
2026-03-09 16:20:44 - INFO - 0 第639章 与琉璃的赌约
2026-03-09 16:20:45 - INFO - 0 第641章 巧遇都敏帅
2026-03-09 16:20:46 - INFO - 0 第642章 奥特曼杀手
2026-03-09 16:20:47 - INFO - 0 第643章 一起去泡温泉池
2026-03-09 16:20:47 - INFO - 0 第644章 相信我么？
2026-03-09 16:20:47 - INFO - 0 第645章 奇葩泳装秀
2026-03-09 16:20:48 - INFO - 0 第646章 又被当成色狼了
2026-03-09 16:20:49 - INFO - 0 第647章 真相只有一个！
2026-03-09 16:20:49 - INFO - 0 第648章 琉璃失踪
2026-03-09 16:20:50 - INFO - 0 第649章 都敏帅的阴谋
2026-03-09 16:20:51 - INFO - 0 第650章 机智的琉璃
2026-03-09 16:20:51 - INFO - 0 第651章 哥哥今晚只疼你
2026-03-09 16:20:51 - INFO - 0 第652章 女仆当上瘾了？
2026-03-09 16:20:52 - INFO - 0 第653章 寒冰之术
2026-03-09 16:20:52 - INFO - 0 第654章 与凌晓雨的约定
2026-03-09 16:20:53 - INFO - 0 第655章 节操不要了！
2026-03-09 16:20:54 - INFO - 0 第656章 凌馆主的大礼
2026-03-09 16:20:54 - INFO - 0 第657章 你知道的太多了
2026-03-09 16:20:54 - INFO - 0 第658章 怀孕风波
2026-03-09 16:20:55 - INFO - 0 第659章 凌晓雨的警告
2026-03-09 16:20:55 - INFO - 0 第660章 叶麟的后宫
2026-03-09 16:20:57 - INFO - 0 第661章 叶麟VS顾胜昔
2026-03-09 16:20:57 - INFO - 0 第662章 泰拳VS阴阳散手
2026-03-09 16:20:57 - INFO - 0 第663章 因为我是男人！
2026-03-09 16:20:58 - INFO - 0 第664章 对战冷若羽
2026-03-09 16:20:58 - INFO - 0 第665章 间接性精神障碍
2026-03-09 16:20:58 - INFO - 0 第666章 宿命对决
2026-03-09 16:21:00 - INFO - 0 第667章 不屈的的战意！
2026-03-09 16:21:00 - INFO - 0 第668章 春光无限
2026-03-09 16:21:00 - INFO - 0 第669章 流鼻血了！
2026-03-09 16:21:01 - INFO - 0 第670章 敢欺负我女朋友！
2026-03-09 16:21:02 - INFO - 0 第672章 偷学阴阳散手
2026-03-09 16:21:02 - INFO - 0 第671章 攻防合一的王朝！
2026-03-09 16:21:03 - INFO - 0 第673章 双麟对战
2026-03-09 16:21:03 - INFO - 0 第674章 大天造化掌VS六道轮回拳
2026-03-09 16:21:04 - INFO - 0 第675章 兑现承诺
2026-03-09 16:21:04 - INFO - 0 第676章 祖传宝刀
2026-03-09 16:21:05 - INFO - 0 第677章 宝刀的意义
2026-03-09 16:21:05 - INFO - 0 第678章 空樱表白？
2026-03-09 16:21:06 - INFO - 0 第679章 恶少归来
2026-03-09 16:21:07 - INFO - 0 第680章 我回来了！
2026-03-09 16:21:07 - INFO - 0 第681章 好消息和坏消息
2026-03-09 16:21:07 - INFO - 0 第682章 童年噩梦即将来袭！
2026-03-09 16:21:08 - INFO - 0 第684章 恐怖的实力
2026-03-09 16:21:08 - INFO - 0 第683章 慕容沧末驾到！
2026-03-09 16:21:09 - INFO - 0 第685章 神秘的箱子
2026-03-09 16:21:10 - INFO - 0 第686章 果然有作死的！
2026-03-09 16:21:10 - INFO - 0 第687章 这里我来统治！
2026-03-09 16:21:11 - INFO - 0 第688章 村雨刀
2026-03-09 16:21:11 - INFO - 0 第689章 秒杀全场！
2026-03-09 16:21:11 - INFO - 0 第690章 奇葩的谈判
2026-03-09 16:21:13 - INFO - 0 第691章 慕容沧末VS洛炎
2026-03-09 16:21:13 - INFO - 0 第692章 吻上慕容沧末！
2026-03-09 16:21:14 - INFO - 0 第693章 被赖上了
2026-03-09 16:21:14 - INFO - 0 第694章 慕容星夜
2026-03-09 16:21:15 - INFO - 0 第695章 大杀招！
2026-03-09 16:21:15 - INFO - 0 第696章 碟中谍
2026-03-09 16:21:16 - INFO - 0 第697章 提神的办法
2026-03-09 16:21:16 - INFO - 0 第698章 小小鹿
2026-03-09 16:21:17 - INFO - 0 第699章 坑货冷星星
2026-03-09 16:21:17 - INFO - 0 第700章 舞蹈编排
2026-03-09 16:21:18 - INFO - 0 第701章 班长扮女仆
2026-03-09 16:21:18 - INFO - 0 第702章 唐果走光
2026-03-09 16:21:19 - INFO - 0 第703章 校长又有阴谋？
2026-03-09 16:21:20 - INFO - 0 第704章 勇气挑战
2026-03-09 16:21:20 - INFO - 0 第705章 叶良辰
2026-03-09 16:21:20 - INFO - 0 第706章 苍井美姬失踪
2026-03-09 16:21:21 - INFO - 0 第707章 情况危急！
2026-03-09 16:21:21 - INFO - 0 第708章 霍天麟必有重谢！
2026-03-09 16:21:23 - INFO - 0 第709章 被暗算了
2026-03-09 16:21:23 - INFO - 0 第710章 美姬获救
2026-03-09 16:21:23 - INFO - 0 第711章 我是真的爱上你了
2026-03-09 16:21:24 - INFO - 0 第712章 圣诞节
2026-03-09 16:21:24 - INFO - 0 第713章 惊鸿舞
2026-03-09 16:21:25 - INFO - 0 第714章 不要怕，有哥哥在！
2026-03-09 16:21:26 - INFO - 0 第715章 唐果的初吻
2026-03-09 16:21:26 - INFO - 0 第716章 第二次初吻
2026-03-09 16:21:27 - INFO - 0 第717章 假戏真做？
2026-03-09 16:21:27 - INFO - 0 第718章 紫小沐的第三个条件
2026-03-09 16:21:28 - INFO - 0 第719章 德正表白？
2026-03-09 16:21:28 - INFO - 0 第720章 琉璃，我喜欢你！
2026-03-09 16:21:29 - INFO - 0 第721章 讨厌也是一种在乎
2026-03-09 16:21:29 - INFO - 0 第722章 好好照顾琉璃
2026-03-09 16:21:30 - INFO - 0 第723章 金发碧眼的小萝莉
2026-03-09 16:21:30 - INFO - 0 第724章 超杀萝莉
2026-03-09 16:21:31 - INFO - 0 第725章 杀上门了！
2026-03-09 16:21:31 - INFO - 0 第726章 慕容姐妹VS洛炎
2026-03-09 16:21:32 - INFO - 0 第727章 城管执法！
2026-03-09 16:21:33 - INFO - 0 第728章 吴瑕出事
2026-03-09 16:21:33 - INFO - 0 第729章 黑客公主
2026-03-09 16:21:33 - INFO - 0 第730章 正义联盟集合
2026-03-09 16:21:34 - INFO - 0 第731章 商讨对策
2026-03-09 16:21:34 - INFO - 0 第732章 恐怖袭击
2026-03-09 16:21:35 - INFO - 0 第733章 就在你身后
2026-03-09 16:21:36 - INFO - 0 第734章 中计了！
2026-03-09 16:21:36 - INFO - 0 第735章 幕后BOSS
2026-03-09 16:21:37 - INFO - 0 第736章 半机械人
2026-03-09 16:21:37 - INFO - 0 第737章 狙击手再现！
2026-03-09 16:21:38 - INFO - 0 第738章 空樱，你又干什么？
2026-03-09 16:21:39 - INFO - 0 第739章 侍浴
2026-03-09 16:21:39 - INFO - 0 第740章 德国骨科
2026-03-09 16:21:40 - INFO - 0 第741章 冷星星的旅游计划
2026-03-09 16:21:40 - INFO - 0 第742章 玉婷生病
2026-03-09 16:21:40 - INFO - 0 第743章 陈年往事
2026-03-09 16:21:41 - INFO - 0 第744章 我想和你玩个游戏！
2026-03-09 16:21:42 - INFO - 0 第745章 密室逃脱
2026-03-09 16:21:42 - INFO - 0 第746章 师徒相遇
2026-03-09 16:21:43 - INFO - 0 第747章 出师未捷身先死
2026-03-09 16:21:43 - INFO - 0 第748章 后宫又加一？
2026-03-09 16:21:44 - INFO - 0 第749章 复仇计划
2026-03-09 16:21:44 - INFO - 0 第750章 拿回属于我的东西！
2026-03-09 16:21:45 - INFO - 0 第751章 舌战群雄
2026-03-09 16:21:46 - INFO - 0 第752章 你要我吗？
2026-03-09 16:21:46 - INFO - 0 第753章 妹妹回家
2026-03-09 16:21:46 - INFO - 0 第754章 此生相依，不离不弃
2026-03-09 16:21:47 - INFO - 0 第755章 青岛大虾
2026-03-09 16:21:47 - INFO - 0 第756章 红鸾星动
2026-03-09 16:21:48 - INFO - 0 第757章 我喜欢你，不行吗！
2026-03-09 16:21:49 - INFO - 0 第758章 地下情人
2026-03-09 16:21:49 - INFO - 0 第759章 挡箭牌男友
2026-03-09 16:21:50 - INFO - 0 第760章 星星，我喜欢你
2026-03-09 16:21:50 - INFO - 0 第761章 冤家路窄
2026-03-09 16:21:51 - INFO - 0 第762章 真相暴露！
2026-03-09 16:21:52 - INFO - 0 第763章 不要骗我！
2026-03-09 16:21:52 - INFO - 0 第764章 心殇
2026-03-09 16:21:53 - INFO - 0 第765章 我该怎么办
2026-03-09 16:21:53 - INFO - 0 第766章 人去楼空
2026-03-09 16:21:53 - INFO - 0 第767章 你走了我怎么办！
2026-03-09 16:21:54 - INFO - 0 第768章 我带你去见她
2026-03-09 16:21:55 - INFO - 0 第769章 有你在，我不怕
2026-03-09 16:21:55 - INFO - 0 第770章 夏玉婷是我妹妹！
2026-03-09 16:21:56 - INFO - 0 第771章 洛炎的秘密
2026-03-09 16:21:56 - INFO - 0 第772章 无奈的亲情
2026-03-09 16:21:57 - INFO - 0 第773章 治疗的概率
2026-03-09 16:21:57 - INFO - 0 第774章 分离，是为了再次重聚
2026-03-09 16:21:58 - INFO - 0 第775章 男朋友的本分
2026-03-09 16:21:59 - INFO - 0 第776章 谁是我的生死劫
2026-03-09 16:21:59 - INFO - 0 第777章 慕容星夜拜师
2026-03-09 16:21:59 - INFO - 0 第778章 我嫁给你！
2026-03-09 16:22:00 - INFO - 0 第779章 公交之狼
2026-03-09 16:22:00 - INFO - 0 第780章 惊艳的冷星星
2026-03-09 16:22:01 - INFO - 0 第781章 遇险！
2026-03-09 16:22:02 - INFO - 0 第782章 消毒伤口
2026-03-09 16:22:02 - INFO - 0 第783章 我们都要活下去！
2026-03-09 16:22:02 - INFO - 0 第784章 救兵来了！
2026-03-09 16:22:03 - INFO - 0 第785章 异变
2026-03-09 16:22:04 - INFO - 0 第786章 又失去控制了！
2026-03-09 16:22:04 - INFO - 0 第787章 频繁兽化
2026-03-09 16:22:05 - INFO - 0 第788章 升级的代价
2026-03-09 16:22:06 - INFO - 0 第789章 给唐果道歉
2026-03-09 16:22:06 - INFO - 0 第790章 我想和你约会
2026-03-09 16:22:07 - INFO - 0 第791章 我们分手吧！
2026-03-09 16:22:07 - INFO - 0 第792章 我的天才计划
2026-03-09 16:22:08 - INFO - 0 第793章 我们约会吧
2026-03-09 16:22:08 - INFO - 0 第794章 琉璃的惩罚
2026-03-09 16:22:09 - INFO - 0 第795章 预演的非礼计划
2026-03-09 16:22:09 - INFO - 0 第796章 不适合演
2026-03-09 16:22:10 - INFO - 0 第797章 讨厌我的方法
2026-03-09 16:22:10 - INFO - 0 第798章 单身狗
2026-03-09 16:22:11 - INFO - 0 第799章 你不是我认识的霍天麟！
2026-03-09 16:22:11 - INFO - 0 第800章 唐果丢失
2026-03-09 16:22:12 - INFO - 0 第1718章 第一千六百二十二章
2026-03-09 16:22:12 - INFO - 0 第1717章 得不到的便要毁掉！
2026-03-09 16:22:13 - INFO - 0 第1716章 火上浇油
2026-03-09 16:22:13 - INFO - 0 第1715章 公审大会！
2026-03-09 16:22:14 - INFO - 0 第1714章 对不起，生日快乐
2026-03-09 16:22:14 - INFO - 0 第1713章 哥哥回家了
2026-03-09 16:22:15 - INFO - 0 第1712章 希望的光芒！
2026-03-09 16:22:15 - INFO - 0 第1711章 我要做哥哥的.....
2026-03-09 16:22:16 - INFO - 0 第1710章 我果然是个失败的哥哥！
2026-03-09 16:22:16 - INFO - 0 第1709章 我不要你了！
2026-03-09 16:22:17 - INFO - 0 第1708章 绝望
2026-03-09 16:22:18 - INFO - 0 第1707章 一切都快结束了
2026-03-09 16:22:18 - INFO - 0 第801章 敢动我的女人！
2026-03-09 16:22:18 - INFO - 0 第802章 剧本君已死
2026-03-09 16:22:19 - INFO - 0 第803章 冷星星求救
2026-03-09 16:22:20 - INFO - 0 第804章 奇怪的配合
2026-03-09 16:22:20 - INFO - 0 第805章 继续配合
2026-03-09 16:22:21 - INFO - 0 第806章 冷家的困境
2026-03-09 16:22:21 - INFO - 0 第807章 我好想你！
2026-03-09 16:22:22 - INFO - 0 第808章 人情债
2026-03-09 16:22:22 - INFO - 0 第809章 小三是怎样炼成的
2026-03-09 16:22:23 - INFO - 0 第810章 诱人的唐果
2026-03-09 16:22:24 - INFO - 0 第811章 最后的杀招
2026-03-09 16:22:24 - INFO - 0 第812章 恋情曝光
2026-03-09 16:22:25 - INFO - 0 第813章 冰释前嫌
2026-03-09 16:22:25 - INFO - 0 第814章 一起做女朋友
2026-03-09 16:22:26 - INFO - 0 第815章 落寞的紫小沐
2026-03-09 16:22:26 - INFO - 0 第816章 火焰形胎记
2026-03-09 16:22:27 - INFO - 0 第817章 紫叔叔的嘱托
2026-03-09 16:22:27 - INFO - 0 第818章 紫小沐表白
2026-03-09 16:22:28 - INFO - 0 第819章 加入争夺大战
2026-03-09 16:22:28 - INFO - 0 第820章 达成协议
2026-03-09 16:22:29 - INFO - 0 第821章 软禁
2026-03-09 16:22:29 - INFO - 0 第822章 退休的锦囊
2026-03-09 16:22:30 - INFO - 0 第823章 吴瑕夜袭
2026-03-09 16:22:31 - INFO - 0 第824章 下药
2026-03-09 16:22:31 - INFO - 0 第825章 无奈的选择
2026-03-09 16:22:31 - INFO - 0 第826章 负责
2026-03-09 16:22:32 - INFO - 0 第827章 可疑的人
2026-03-09 16:22:33 - INFO - 0 第828章 遇袭！
2026-03-09 16:22:33 - INFO - 0 第829章 落海
2026-03-09 16:22:34 - INFO - 0 第830章 锦囊的秘密
2026-03-09 16:22:34 - INFO - 0 第831章 孤岛求生
2026-03-09 16:22:35 - INFO - 0 第832章 奇怪的果实
2026-03-09 16:22:36 - INFO - 0 第833章 渣男
2026-03-09 16:22:36 - INFO - 0 第834章 大逃杀
2026-03-09 16:22:37 - INFO - 0 第835章 猫瞳
2026-03-09 16:22:37 - INFO - 0 第836章 黑寡妇
2026-03-09 16:22:37 - INFO - 0 第837章 中枪
2026-03-09 16:22:38 - INFO - 0 第838章 得救
2026-03-09 16:22:39 - INFO - 0 第839章 坦白
2026-03-09 16:22:39 - INFO - 0 第840章 衣锦还乡
2026-03-09 16:22:40 - INFO - 0 第841章 与颜飞花的决战
2026-03-09 16:22:40 - INFO - 0 第842章 空樱的梦
2026-03-09 16:22:41 - INFO - 0 第843章 盗梦空间
2026-03-09 16:22:41 - INFO - 0 第844章 战前准备
2026-03-09 16:22:42 - INFO - 0 第848章 凌晓雨传艺
2026-03-09 16:22:42 - INFO - 0 第845章 变性手术很成功
2026-03-09 16:22:42 - INFO - 0 第846章 爆发的荷尔蒙！
2026-03-09 16:22:43 - INFO - 0 第847章 凌晓雨传艺
2026-03-09 16:22:44 - INFO - 0 第849章 耍赖
2026-03-09 16:22:44 - INFO - 0 第850章 反杀神技
2026-03-09 16:22:45 - INFO - 0 第851章 神秘的电话
2026-03-09 16:22:45 - INFO - 0 第852章 你不是替代品
2026-03-09 16:22:46 - INFO - 0 第853章 战！
2026-03-09 16:22:46 - INFO - 0 第854章 压制！
2026-03-09 16:22:47 - INFO - 0 第855章 合招！
2026-03-09 16:22:47 - INFO - 0 第856章 倔强的颜飞花
2026-03-09 16:22:48 - INFO - 0 第857章 英雄救美
2026-03-09 16:22:49 - INFO - 0 第858章 只能帮你到这了
2026-03-09 16:22:49 - INFO - 0 第859章 胖次事件
2026-03-09 16:22:50 - INFO - 0 第860章 一劳永逸的办法
2026-03-09 16:22:50 - INFO - 0 第861章 祸不单行
2026-03-09 16:22:51 - INFO - 0 第862章 空樱赎罪
2026-03-09 16:22:51 - INFO - 0 第863章 小鸭子的故事
2026-03-09 16:22:52 - INFO - 0 第864章 百里紫冰出事
2026-03-09 16:22:52 - INFO - 0 第865章 她的仇，我报！
2026-03-09 16:22:53 - INFO - 0 第866章 巧遇慕容沧末
2026-03-09 16:22:54 - INFO - 0 第867章 计划分析
2026-03-09 16:22:54 - INFO - 0 第868章 计划开始
2026-03-09 16:22:55 - INFO - 0 第869章 上钩！
2026-03-09 16:22:55 - INFO - 0 第870章 演技派
2026-03-09 16:22:55 - INFO - 0 第871章 周洁澜中招
2026-03-09 16:22:56 - INFO - 0 第872章 得手
2026-03-09 16:22:57 - INFO - 0 第873章 终于不是我了
2026-03-09 16:22:57 - INFO - 0 第874章 报复
2026-03-09 16:22:58 - INFO - 0 第875章 谈判
2026-03-09 16:22:59 - INFO - 0 第877章 疯子
2026-03-09 16:22:59 - INFO - 0 第876章 洛淼
2026-03-09 16:22:59 - INFO - 0 第878章 一团乱麻
2026-03-09 16:23:00 - INFO - 0 第879章 琉璃问罪
2026-03-09 16:23:00 - INFO - 0 第880章 笔记本
2026-03-09 16:23:01 - INFO - 0 第881章 在乎，但不后悔
2026-03-09 16:23:02 - INFO - 0 第882章 唐果的约会
2026-03-09 16:23:02 - INFO - 0 第883章 纹身
2026-03-09 16:23:03 - INFO - 0 第884章 拿到样本
2026-03-09 16:23:03 - INFO - 0 第885章 说出实情
2026-03-09 16:23:04 - INFO - 0 第886章 以身相许
2026-03-09 16:23:04 - INFO - 0 第887章 视频
2026-03-09 16:23:05 - INFO - 0 第888章 承认
2026-03-09 16:23:05 - INFO - 0 第889章 护花使者
2026-03-09 16:23:06 - INFO - 0 第890章 廉价劳动力
2026-03-09 16:23:07 - INFO - 0 第891章 年龄问题
2026-03-09 16:23:07 - INFO - 0 第892章 巧遇熟人
2026-03-09 16:23:08 - INFO - 0 第893章 混乱的街头
2026-03-09 16:23:08 - INFO - 0 第894章 夜神家的变故
2026-03-09 16:23:08 - INFO - 0 第895章 龟田的劝告
2026-03-09 16:23:09 - INFO - 0 第896章 空樱的担心
2026-03-09 16:23:10 - INFO - 0 第897章 起因
2026-03-09 16:23:10 - INFO - 0 第898章 遇人不淑
2026-03-09 16:23:11 - INFO - 0 第899章 杀人犯空樱
2026-03-09 16:23:12 - INFO - 0 第901章 化验结果
2026-03-09 16:23:12 - INFO - 0 第900章 一辈子保护你
2026-03-09 16:23:13 - INFO - 0 第902章 不速之客
2026-03-09 16:23:13 - INFO - 0 第903章 后妈的新工作
2026-03-09 16:23:13 - INFO - 0 第904章 吴瑕的威胁
2026-03-09 16:23:14 - INFO - 0 第905章 兄妹见面
2026-03-09 16:23:15 - INFO - 0 第907章 龙殇的往事
2026-03-09 16:23:15 - INFO - 0 第906章 小不点
2026-03-09 16:23:16 - INFO - 0 第908章 冷家请客
2026-03-09 16:23:17 - INFO - 0 第909章 冷星星的父亲
2026-03-09 16:23:17 - INFO - 0 第910章 报恩的条件
2026-03-09 16:23:17 - INFO - 0 第911章 冷叔叔的警告
2026-03-09 16:23:18 - INFO - 0 第912章 立场问题
2026-03-09 16:23:18 - INFO - 0 第913章 神秘高手
2026-03-09 16:23:19 - INFO - 0 第914章 抽刀断水流
2026-03-09 16:23:20 - INFO - 0 第915章 发源地
2026-03-09 16:23:20 - INFO - 0 第916章 欧尼酱保护我！
2026-03-09 16:23:21 - INFO - 0 第917章 诡异
2026-03-09 16:23:21 - INFO - 0 第918章 琉璃的异常态度
2026-03-09 16:23:22 - INFO - 0 第919章 女流氓
2026-03-09 16:23:22 - INFO - 0 第920章 果然来了！
2026-03-09 16:23:23 - INFO - 0 第921章 大师兄
2026-03-09 16:23:23 - INFO - 0 第922章 卧槽！
2026-03-09 16:23:24 - INFO - 0 第923章 奇耻大辱
2026-03-09 16:23:24 - INFO - 0 第924章 人心丧尽
2026-03-09 16:23:25 - INFO - 0 第925章 误会
2026-03-09 16:23:26 - INFO - 0 第926章 导火索
2026-03-09 16:23:26 - INFO - 0 第927章 往事
2026-03-09 16:23:26 - INFO - 0 第928章 对策
2026-03-09 16:23:27 - INFO - 0 第929章 可以放弃治疗了
2026-03-09 16:23:28 - INFO - 0 第930章 小轩回来了
2026-03-09 16:23:28 - INFO - 0 第931章 天衣无缝
2026-03-09 16:23:29 - INFO - 0 第932章 倒霉的起床事件
2026-03-09 16:23:29 - INFO - 0 第933章 新的学期
2026-03-09 16:23:30 - INFO - 0 第934章 凌晓雨请假
2026-03-09 16:23:30 - INFO - 0 第935章 出发南海市
2026-03-09 16:23:31 - INFO - 0 第936章 金发脑残女
2026-03-09 16:23:31 - INFO - 0 第937章 四大金刚
2026-03-09 16:23:32 - INFO - 0 第938章 闯关
2026-03-09 16:23:33 - INFO - 0 第939章 闹事
2026-03-09 16:23:33 - INFO - 0 第940章 李辰的阻拦
2026-03-09 16:23:34 - INFO - 0 第941章 三招
2026-03-09 16:23:34 - INFO - 0 第942章 争执
2026-03-09 16:23:34 - INFO - 0 第943章 计划泡汤
2026-03-09 16:23:35 - INFO - 0 第944章 再遇彩虹战队
2026-03-09 16:23:36 - INFO - 0 第945章 变形金刚
2026-03-09 16:23:36 - INFO - 0 第946章 两败俱伤
2026-03-09 16:23:37 - INFO - 0 第947章 军道杀拳
2026-03-09 16:23:38 - INFO - 0 第948章 再见李辰
2026-03-09 16:23:38 - INFO - 0 第949章 火光冲天
2026-03-09 16:23:39 - INFO - 0 第950章 危在旦夕
2026-03-09 16:23:39 - INFO - 0 第951章 救赎
2026-03-09 16:23:40 - INFO - 0 第952章 恩情
2026-03-09 16:23:40 - INFO - 0 第953章 我的女人？
2026-03-09 16:23:41 - INFO - 0 第955章 福利
2026-03-09 16:23:41 - INFO - 0 第954章 礼物
2026-03-09 16:23:42 - INFO - 0 第956章 思念
2026-03-09 16:23:42 - INFO - 0 第957章 小萝莉
2026-03-09 16:23:43 - INFO - 0 第958章 卖火柴的小女孩
2026-03-09 16:23:43 - INFO - 0 第959章 打胎
2026-03-09 16:23:44 - INFO - 0 第961章 我想静静
2026-03-09 16:23:44 - INFO - 0 第960章 占便宜的最高境界
2026-03-09 16:23:45 - INFO - 0 第962章 东哥住院
2026-03-09 16:23:46 - INFO - 0 第963章 朴昌
2026-03-09 16:23:46 - INFO - 0 第964章 你摊上大事了！
2026-03-09 16:23:47 - INFO - 0 第965章 朴昌的背景
2026-03-09 16:23:47 - INFO - 0 第966章 受罚
2026-03-09 16:23:47 - INFO - 0 第967章 嚣张的都敏帅
2026-03-09 16:23:48 - INFO - 0 第968章 被偷看了
2026-03-09 16:23:49 - INFO - 0 第969章 事情曝光
2026-03-09 16:23:49 - INFO - 0 第970章 第N次夜袭
2026-03-09 16:23:50 - INFO - 0 第971章 道歉方式
2026-03-09 16:23:51 - INFO - 0 第972章 又找麻烦
2026-03-09 16:23:51 - INFO - 0 第973章 愤怒的冷星星
2026-03-09 16:23:51 - INFO - 0 第974章 第一步反击战
2026-03-09 16:23:52 - INFO - 0 第975章 不对劲
2026-03-09 16:23:53 - INFO - 0 第976章 天文数字
2026-03-09 16:23:53 - INFO - 0 第977章 受伤的真相
2026-03-09 16:23:54 - INFO - 0 第978章 再遇小萝莉
2026-03-09 16:23:54 - INFO - 0 第979章 请客吃饭
2026-03-09 16:23:55 - INFO - 0 第980章 斧头帮
2026-03-09 16:23:55 - INFO - 0 第981章 你们已经被包围了
2026-03-09 16:23:56 - INFO - 0 第982章 创伤
2026-03-09 16:23:56 - INFO - 0 第983章 抹去的回忆
2026-03-09 16:23:57 - INFO - 0 第984章 斧头帮老大
2026-03-09 16:23:57 - INFO - 0 第985章 面具下的身份
2026-03-09 16:23:58 - INFO - 0 第986章 大仇得报
2026-03-09 16:23:59 - INFO - 0 第987章 新帮主选举
2026-03-09 16:23:59 - INFO - 0 第988章 试探老爸
2026-03-09 16:23:59 - INFO - 0 第989章 你有喜
2026-03-09 16:24:00 - INFO - 0 第990章 强大的助力
2026-03-09 16:24:00 - INFO - 0 第991章 东窗事发
2026-03-09 16:24:01 - INFO - 0 第992章 混蒙过关
2026-03-09 16:24:02 - INFO - 0 第993章 两女相争
2026-03-09 16:24:02 - INFO - 0 第994章 麻烦不断
2026-03-09 16:24:03 - INFO - 0 第995章 绝妙的计划
2026-03-09 16:24:03 - INFO - 0 第996章 是否对你承诺了太多
2026-03-09 16:24:04 - INFO - 0 第997章 陷害空樱
2026-03-09 16:24:04 - INFO - 0 第998章 紫小沐解围
2026-03-09 16:24:05 - INFO - 0 第999章 名侦探紫小沐
2026-03-09 16:24:06 - INFO - 0 第1000章 煞气爆发
2026-03-09 16:24:06 - INFO - 0 第1718章 第一千六百二十二章
2026-03-09 16:24:07 - INFO - 0 第1717章 得不到的便要毁掉！
2026-03-09 16:24:07 - INFO - 0 第1716章 火上浇油
2026-03-09 16:24:08 - INFO - 0 第1715章 公审大会！
2026-03-09 16:24:09 - INFO - 0 第1714章 对不起，生日快乐
2026-03-09 16:24:09 - INFO - 0 第1713章 哥哥回家了
2026-03-09 16:24:09 - INFO - 0 第1712章 希望的光芒！
2026-03-09 16:24:10 - INFO - 0 第1711章 我要做哥哥的.....
2026-03-09 16:24:10 - INFO - 0 第1710章 我果然是个失败的哥哥！
2026-03-09 16:24:11 - INFO - 0 第1709章 我不要你了！
2026-03-09 16:24:12 - INFO - 0 第1708章 绝望
2026-03-09 16:24:12 - INFO - 0 第1707章 一切都快结束了
2026-03-09 16:24:12 - INFO - 0 第1001章 报恩的条件
2026-03-09 16:24:13 - INFO - 0 第1002章 临走的交代
2026-03-09 16:24:13 - INFO - 0 第1003章 舌战朴昌
2026-03-09 16:24:14 - INFO - 0 第1004章 跟讨价还价
2026-03-09 16:24:15 - INFO - 0 第1005章 家里来贼了？
2026-03-09 16:24:15 - INFO - 0 第1006章 奇怪的百里紫冰
2026-03-09 16:24:16 - INFO - 0 第1007章 再遇韩梅梅
2026-03-09 16:24:16 - INFO - 0 第1008章 安顿两姐妹
2026-03-09 16:24:16 - INFO - 0 第1009章 误会大了！
2026-03-09 16:24:17 - INFO - 0 第1010章 重大发现
2026-03-09 16:24:18 - INFO - 0 第1011章 颤抖的睫毛
2026-03-09 16:24:19 - INFO - 0 第1012章 计划有变
2026-03-09 16:24:19 - INFO - 0 第1013章 空樱，你真傻
2026-03-09 16:24:19 - INFO - 0 第1014章 劝告琉璃
2026-03-09 16:24:20 - INFO - 0 第1015章 不要开灯
2026-03-09 16:24:21 - INFO - 0 第1016章 我代替琉璃
2026-03-09 16:24:22 - INFO - 0 第1017章 比乐事还躺枪
2026-03-09 16:24:22 - INFO - 0 第1018章 原来你是这样的薯片
2026-03-09 16:24:22 - INFO - 0 第1019章 充满爱意的吻
2026-03-09 16:24:23 - INFO - 0 第1020章 爱在心里口难开
2026-03-09 16:24:23 - INFO - 0 第1021章 尘封的照片
2026-03-09 16:24:24 - INFO - 0 第1022章 夜神日
2026-03-09 16:24:25 - INFO - 0 第1023章 最后的期限
2026-03-09 16:24:25 - INFO - 0 第1024章 安倍纯一郎的目的
2026-03-09 16:24:26 - INFO - 0 第1025章 异常的空樱
2026-03-09 16:24:26 - INFO - 0 第1026章 吻错了人
2026-03-09 16:24:26 - INFO - 0 第1027章 负荆请罪
2026-03-09 16:24:27 - INFO - 0 第1028章 大师兄归来
2026-03-09 16:24:28 - INFO - 0 第1029章 求证
2026-03-09 16:24:28 - INFO - 0 第1030章 回来的条件
2026-03-09 16:24:29 - INFO - 0 第1031章 碎骨重生法
2026-03-09 16:24:29 - INFO - 0 第1032章 又被当成挡箭牌
2026-03-09 16:24:30 - INFO - 0 第1033章 女厕所事件
2026-03-09 16:24:31 - INFO - 0 第1034章 教育小轩
2026-03-09 16:24:31 - INFO - 0 第1035章 来我这里
2026-03-09 16:24:31 - INFO - 0 第1036章 酒量很差
2026-03-09 16:24:32 - INFO - 0 第1037章 朦胧
2026-03-09 16:24:32 - INFO - 0 第1038章 不要你负责
2026-03-09 16:24:33 - INFO - 0 第1039章 太不科学了
2026-03-09 16:24:34 - INFO - 0 第1040章 霍天麟，我爱你！
2026-03-09 16:24:35 - INFO - 0 第1041章 给跪了！
2026-03-09 16:24:35 - INFO - 0 第1042章 羞耻PLAY
2026-03-09 16:24:35 - INFO - 0 第1043章 我们的差距
2026-03-09 16:24:36 - INFO - 0 第1044章 帮忙照顾
2026-03-09 16:24:36 - INFO - 0 第1045章 小魔头
2026-03-09 16:24:37 - INFO - 0 第1046章 娶了两个
2026-03-09 16:24:38 - INFO - 0 第1047章 滑冰场
2026-03-09 16:24:38 - INFO - 0 第1048章 被人搭讪
2026-03-09 16:24:38 - INFO - 0 第1049章 出奇制胜
2026-03-09 16:24:39 - INFO - 0 第1050章 哪只手！
2026-03-09 16:24:40 - INFO - 0 第1051章 给空樱报仇
2026-03-09 16:24:40 - INFO - 0 第1052章 空樱学武功？
2026-03-09 16:24:41 - INFO - 0 第1054章 韩梅梅的决心
2026-03-09 16:24:41 - INFO - 0 第1053章 从天而降的掌法
2026-03-09 16:24:42 - INFO - 0 第1055章 不靠谱的助力
2026-03-09 16:24:42 - INFO - 0 第1056章 暗黑少女
2026-03-09 16:24:43 - INFO - 0 第1057章 郝剑求救
2026-03-09 16:24:44 - INFO - 0 第1058章 教训杀气美女
2026-03-09 16:24:45 - INFO - 0 第1060章 救援
2026-03-09 16:24:45 - INFO - 0 第1059章 flash put ad
2026-03-09 16:24:45 - INFO - 0 第1061章 又被误会成色狼
2026-03-09 16:24:46 - INFO - 0 第1062章 隐患
2026-03-09 16:24:46 - INFO - 0 第1063章 琉璃的质问
2026-03-09 16:24:47 - INFO - 0 第1064章 准备就绪！
2026-03-09 16:24:48 - INFO - 0 第1066章 成为头条王的男人
2026-03-09 16:24:48 - INFO - 0 第1065章 最后的嚣张
2026-03-09 16:24:48 - INFO - 0 第1067章 身败名裂
2026-03-09 16:24:49 - INFO - 0 第1068章 武馆的挑战信
2026-03-09 16:24:50 - INFO - 0 第1069章 复仇计划
2026-03-09 16:24:50 - INFO - 0 第1070章 数学神童
2026-03-09 16:24:51 - INFO - 0 第1072章 紧身衣
2026-03-09 16:24:51 - INFO - 0 第1071章 打出翔了
2026-03-09 16:24:51 - INFO - 0 第1073章 体能测试
2026-03-09 16:24:52 - INFO - 0 第1074章 扑街
2026-03-09 16:24:53 - INFO - 0 第1075章 又被踢馆了
2026-03-09 16:24:53 - INFO - 0 第1076章 恐惧的空樱！
2026-03-09 16:24:54 - INFO - 0 第1077章 找上门了？
2026-03-09 16:24:54 - INFO - 0 第1078章 凌晓雨迎战
2026-03-09 16:24:55 - INFO - 0 第1079章 日川冈阪
2026-03-09 16:24:55 - INFO - 0 第1080章 武馆战败
2026-03-09 16:24:56 - INFO - 0 第1081章 一砖撂倒！
2026-03-09 16:24:57 - INFO - 0 第1082章 黑名单
2026-03-09 16:24:58 - INFO - 0 第1084章 两具娇躯
2026-03-09 16:24:58 - INFO - 0 第1083章 尖叫声
2026-03-09 16:24:58 - INFO - 0 第1085章 噩梦
2026-03-09 16:24:59 - INFO - 0 第1086章 老板说他不在
2026-03-09 16:24:59 - INFO - 0 第1087章 猴子请来的救兵
2026-03-09 16:25:00 - INFO - 0 第1088章 计划启动
2026-03-09 16:25:01 - INFO - 0 第1089章 丧心病狂的广告
2026-03-09 16:25:01 - INFO - 0 第1090章 第一个目标
2026-03-09 16:25:01 - INFO - 0 第1091章 意外的助攻
2026-03-09 16:25:02 - INFO - 0 第1092章 悲剧的安倍纯一郎
2026-03-09 16:25:02 - INFO - 0 第1093章 拉开序幕
2026-03-09 16:25:03 - INFO - 0 第1094章 这两个人是我的！
2026-03-09 16:25:04 - INFO - 0 第1095章 败退
2026-03-09 16:25:04 - INFO - 0 第1096章 出奇制胜
2026-03-09 16:25:04 - INFO - 0 第1097章 我只要你的命！
2026-03-09 16:25:05 - INFO - 0 第1098章 神秘的手掌
2026-03-09 16:25:06 - INFO - 0 第1099章 黑袍人
2026-03-09 16:25:06 - INFO - 0 第1100章 杀，还是不杀
2026-03-09 16:25:07 - INFO - 0 第1102章 主人？
2026-03-09 16:25:07 - INFO - 0 第1101章 安倍纯一郎的情况
2026-03-09 16:25:07 - INFO - 0 第1103章 服从
2026-03-09 16:25:08 - INFO - 0 第1104章 原因
2026-03-09 16:25:09 - INFO - 0 第1105章 迎面的煞气！
2026-03-09 16:25:10 - INFO - 0 第1106章 执法队
2026-03-09 16:25:11 - INFO - 0 第1108章 冷星星不在？
2026-03-09 16:25:11 - INFO - 0 第1107章 得罪了队长还想走！
2026-03-09 16:25:11 - INFO - 0 第1109章 给你
2026-03-09 16:25:12 - INFO - 0 第1110章 不作死就不会死
2026-03-09 16:25:12 - INFO - 0 第1111章 混乱
2026-03-09 16:25:13 - INFO - 0 第1112章 好好上一课
2026-03-09 16:25:14 - INFO - 0 第1113章 武藤里美的任务
2026-03-09 16:25:14 - INFO - 0 第1114章 琉璃病好了
2026-03-09 16:25:14 - INFO - 0 第1115章 爷爷
2026-03-09 16:25:15 - INFO - 0 第1116章 轩辕尊
2026-03-09 16:25:15 - INFO - 0 第1117章 另外的事情
2026-03-09 16:25:16 - INFO - 0 第1118章 除去隐患
2026-03-09 16:25:17 - INFO - 0 第1120章 又是赤瞳！
2026-03-09 16:25:17 - INFO - 0 第1119章 鼻孔朝天
2026-03-09 16:25:17 - INFO - 0 第1121章 紫小沐的生日
2026-03-09 16:25:18 - INFO - 0 第1122章 她们都在我手里
2026-03-09 16:25:19 - INFO - 0 第1123章 单刀赴会
2026-03-09 16:25:20 - INFO - 0 第1124章 几个熟人
2026-03-09 16:25:20 - INFO - 0 第1125章 复仇者联盟
2026-03-09 16:25:20 - INFO - 0 第1126章 形势不妙
2026-03-09 16:25:20 - INFO - 0 第1127章 四连杀！
2026-03-09 16:25:21 - INFO - 0 第1128章 被绑架了？
2026-03-09 16:25:22 - INFO - 0 第1129章 动大刑
2026-03-09 16:25:23 - INFO - 0 第1130章 交换情报
2026-03-09 16:25:24 - INFO - 0 第1133章 日语与英语的区别
2026-03-09 16:25:24 - INFO - 0 第1131章 救命恩人
2026-03-09 16:25:24 - INFO - 0 第1132章 带着小姨子跑了
2026-03-09 16:25:25 - INFO - 0 第1134章 急救的办法
2026-03-09 16:25:25 - INFO - 0 第1135章 琉璃的道歉
2026-03-09 16:25:26 - INFO - 0 第1136章 冷星星退学
2026-03-09 16:25:27 - INFO - 0 第1139章 遭到不测
2026-03-09 16:25:27 - INFO - 0 第1138章 万年挡箭牌
2026-03-09 16:25:27 - INFO - 0 第1137章 追求冷星星？
2026-03-09 16:25:28 - INFO - 0 第1140章 赌术
2026-03-09 16:25:29 - INFO - 0 第1141章 安顿冷星星
2026-03-09 16:25:29 - INFO - 0 第1142章 中国好姐妹
2026-03-09 16:25:30 - INFO - 0 第1143章 病号的待遇
2026-03-09 16:25:30 - INFO - 0 第1145章 繁星
2026-03-09 16:25:30 - INFO - 0 第1144章 冷星星的心事
2026-03-09 16:25:31 - INFO - 0 第1146章 救命啊！
2026-03-09 16:25:32 - INFO - 0 第1147章 露馅了
2026-03-09 16:25:33 - INFO - 0 第1148章 求生的欲望
2026-03-09 16:25:33 - INFO - 0 第1149章 乌鸦嘴技能
2026-03-09 16:25:33 - INFO - 0 第1150章 高手来了
2026-03-09 16:25:34 - INFO - 0 第1151章 你胸太小不要讲话！
2026-03-09 16:25:34 - INFO - 0 第1152章 解决冷星星的事情
2026-03-09 16:25:35 - INFO - 0 第1153章 穿山甲到底说了什么
2026-03-09 16:25:36 - INFO - 0 第1154章 冲突
2026-03-09 16:25:37 - INFO - 0 第1155章 谈条件
2026-03-09 16:25:37 - INFO - 0 第1156章 真情告白环节
2026-03-09 16:25:37 - INFO - 0 第1157章 补刀计划
2026-03-09 16:25:38 - INFO - 0 第1158章 嚣张的日本人
2026-03-09 16:25:38 - INFO - 0 第1159章 早安吻
2026-03-09 16:25:39 - INFO - 0 第1160章 约会都能撞期？
2026-03-09 16:25:40 - INFO - 0 第1161章 一起约会也无妨
2026-03-09 16:25:40 - INFO - 0 第1163章 憋说话
2026-03-09 16:25:40 - INFO - 0 第1162章 焦头烂额
2026-03-09 16:25:41 - INFO - 0 第1164章 有人跟踪？
2026-03-09 16:25:42 - INFO - 0 第1165章 升级版焦头烂额
2026-03-09 16:25:42 - INFO - 0 第1166章 冰淇淋事件
2026-03-09 16:25:43 - INFO - 0 第1167章 祖传的钥匙
2026-03-09 16:25:43 - INFO - 0 第1168章 火星撞地球！
2026-03-09 16:25:44 - INFO - 0 第1169章 峰回路转！
2026-03-09 16:25:44 - INFO - 0 第1170章 秘密花园
2026-03-09 16:25:45 - INFO - 0 第1171章 怪老头
2026-03-09 16:25:46 - INFO - 0 第1172章 许愿
2026-03-09 16:25:46 - INFO - 0 第1173章 神补刀
2026-03-09 16:25:47 - INFO - 0 第1174章 吴瑕的傻事
2026-03-09 16:25:47 - INFO - 0 第1175章 劝服
2026-03-09 16:25:47 - INFO - 0 第1176章 麻烦大了
2026-03-09 16:25:48 - INFO - 0 第1177章 在座的各位都是垃圾
2026-03-09 16:25:49 - INFO - 0 第1178章 林霜文
2026-03-09 16:25:50 - INFO - 0 第1179章 作风问题
2026-03-09 16:25:50 - INFO - 0 第1181章 暑假计划
2026-03-09 16:25:50 - INFO - 0 第1180章 禽兽模式
2026-03-09 16:25:51 - INFO - 0 第1182章 奇怪的电话
2026-03-09 16:25:51 - INFO - 0 第1183章 生日宴会
2026-03-09 16:25:52 - INFO - 0 第1184章 紫小沐，你不能死！
2026-03-09 16:25:53 - INFO - 0 第1185章 发誓
2026-03-09 16:25:53 - INFO - 0 第1186章 报仇
2026-03-09 16:25:53 - INFO - 0 第1187章 好好照顾她
2026-03-09 16:25:54 - INFO - 0 第1188章 风铃响
2026-03-09 16:25:55 - INFO - 0 第1189章 不要等错过了才后悔
2026-03-09 16:25:55 - INFO - 0 第1190章 紫小沐醒来
2026-03-09 16:25:56 - INFO - 0 第1191章 欺骗
2026-03-09 16:25:57 - INFO - 0 第1192章 凌晓雨的请求
2026-03-09 16:25:57 - INFO - 0 第1193章 崩溃
2026-03-09 16:25:57 - INFO - 0 第1194章 鬼魅的黑影
2026-03-09 16:25:58 - INFO - 0 第1195章 玄武
2026-03-09 16:25:58 - INFO - 0 第1196章 生命消散
2026-03-09 16:26:00 - INFO - 0 第1197章 紫瞳！
2026-03-09 16:26:00 - INFO - 0 第1198章 失踪
2026-03-09 16:26:00 - INFO - 0 第1199章 威胁
2026-03-09 16:26:01 - INFO - 0 第1200章 一个月
2026-03-09 16:26:01 - INFO - 0 第1718章 第一千六百二十二章
2026-03-09 16:26:02 - INFO - 0 第1717章 得不到的便要毁掉！
2026-03-09 16:26:03 - INFO - 0 第1716章 火上浇油
2026-03-09 16:26:03 - INFO - 0 第1714章 对不起，生日快乐
2026-03-09 16:26:03 - INFO - 0 第1715章 公审大会！
2026-03-09 16:26:04 - INFO - 0 第1713章 哥哥回家了
2026-03-09 16:26:04 - INFO - 0 第1712章 希望的光芒！
2026-03-09 16:26:05 - INFO - 0 第1711章 我要做哥哥的.....
2026-03-09 16:26:06 - INFO - 0 第1710章 我果然是个失败的哥哥！
2026-03-09 16:26:06 - INFO - 0 第1709章 我不要你了！
2026-03-09 16:26:06 - INFO - 0 第1708章 绝望
2026-03-09 16:26:07 - INFO - 0 第1707章 一切都快结束了
2026-03-09 16:26:07 - INFO - 0 第1201章 又有朋友要来？
2026-03-09 16:26:08 - INFO - 0 第1202章 好久不见
2026-03-09 16:26:09 - INFO - 0 第1203章 记忆错乱
2026-03-09 16:26:09 - INFO - 0 第1204章 掀裙子
2026-03-09 16:26:10 - INFO - 0 第1205章 处理方法
2026-03-09 16:26:10 - INFO - 0 第1206章 鼓浪屿的旅行
2026-03-09 16:26:11 - INFO - 0 第1207章 吴瑕的请求
2026-03-09 16:26:11 - INFO - 0 第1208章 干爹
2026-03-09 16:26:13 - INFO - 0 第1209章 与琉璃联盟
2026-03-09 16:26:13 - INFO - 0 第1210章 紫小沐乱入
2026-03-09 16:26:13 - INFO - 0 第1211章 矛盾升级
2026-03-09 16:26:13 - INFO - 0 第1212章 我爸也死了
2026-03-09 16:26:14 - INFO - 0 第1213章 第一晚的夜袭
2026-03-09 16:26:15 - INFO - 0 第1214章 憋说话，吻我
2026-03-09 16:26:16 - INFO - 0 第1215章 酸爽的感觉
2026-03-09 16:26:16 - INFO - 0 第1216章 阳光沙滩
2026-03-09 16:26:16 - INFO - 0 第1217章 泳衣大乱斗
2026-03-09 16:26:17 - INFO - 0 第1218章 奇葩装扮
2026-03-09 16:26:17 - INFO - 0 第1219章 中国功夫
2026-03-09 16:26:18 - INFO - 0 第1220章 百里紫冰也来了
2026-03-09 16:26:19 - INFO - 0 第1221章 第二波勾引
2026-03-09 16:26:19 - INFO - 0 第1222章 第三波勾引
2026-03-09 16:26:20 - INFO - 0 第1223章 遇袭
2026-03-09 16:26:20 - INFO - 0 第1224章 找出凶手
2026-03-09 16:26:20 - INFO - 0 第1225章 妖怪变的
2026-03-09 16:26:21 - INFO - 0 第1226章 神助攻
2026-03-09 16:26:22 - INFO - 0 第1227章 陌生电话
2026-03-09 16:26:22 - INFO - 0 第1228章 帮助我？
2026-03-09 16:26:23 - INFO - 0 第1229章 修炼开启
2026-03-09 16:26:23 - INFO - 0 第1230章 伤害空樱
2026-03-09 16:26:24 - INFO - 0 第1231章 自己的问题
2026-03-09 16:26:24 - INFO - 0 第1232章 最大的幸福
2026-03-09 16:26:25 - INFO - 0 第1233章 活血化瘀
2026-03-09 16:26:26 - INFO - 0 第1234章 姐姐当到你这份上也够了
2026-03-09 16:26:26 - INFO - 0 第1236章 把花吃下去！
2026-03-09 16:26:26 - INFO - 0 第1235章 为了女神也是蛮拼的
2026-03-09 16:26:27 - INFO - 0 第1237章 一大波人
2026-03-09 16:26:28 - INFO - 0 第1238章 喜怒无常
2026-03-09 16:26:29 - INFO - 0 第1239章 惊现鲨鱼
2026-03-09 16:26:29 - INFO - 0 第1240章 天机不可泄露
2026-03-09 16:26:30 - INFO - 0 第1242章 又被坑了
2026-03-09 16:26:30 - INFO - 0 第1241章 喜欢就表白
2026-03-09 16:26:30 - INFO - 0 第1243章 大冒险
2026-03-09 16:26:31 - INFO - 0 第1244章 谁的身体更软
2026-03-09 16:26:32 - INFO - 0 第1245章 检查身体
2026-03-09 16:26:32 - INFO - 0 第1246章 琉璃的暴脾气
2026-03-09 16:26:33 - INFO - 0 第1247章 何雄的条件
2026-03-09 16:26:33 - INFO - 0 第1248章 绝望的消息
2026-03-09 16:26:33 - INFO - 0 第1249章 事情的真相
2026-03-09 16:26:34 - INFO - 0 第1250章 疫苗发作
2026-03-09 16:26:35 - INFO - 0 第1251章 琉璃不能没有你
2026-03-09 16:26:35 - INFO - 0 第1252章 后妈的异常
2026-03-09 16:26:36 - INFO - 0 第1253章 赚钱比赛
2026-03-09 16:26:36 - INFO - 0 第1254章 奇葩的方式
2026-03-09 16:26:37 - INFO - 0 第1255章 看脸的世界
2026-03-09 16:26:38 - INFO - 0 第1256章 狐狸眼
2026-03-09 16:26:38 - INFO - 0 第1257章 赚大的机会
2026-03-09 16:26:39 - INFO - 0 第1258章 老爸的故人
2026-03-09 16:26:39 - INFO - 0 第1259章 朱雀
2026-03-09 16:26:40 - INFO - 0 第1260章 演习
2026-03-09 16:26:40 - INFO - 0 第1261章 老爸的情人
2026-03-09 16:26:41 - INFO - 0 第1262章 大方承认
2026-03-09 16:26:42 - INFO - 0 第1263章 暗金瞳
2026-03-09 16:26:42 - INFO - 0 第1264章 旅行结束
2026-03-09 16:26:43 - INFO - 0 第1265章 危险解除
2026-03-09 16:26:43 - INFO - 0 第1266章 宿敌再遇
2026-03-09 16:26:43 - INFO - 0 第1267章 林若的挑战
2026-03-09 16:26:44 - INFO - 0 第1268章 我们约会吧
2026-03-09 16:26:45 - INFO - 0 第1269章 自尊心
2026-03-09 16:26:45 - INFO - 0 第1270章 洛炎的挑战
2026-03-09 16:26:46 - INFO - 0 第1271章 洛炎的真正实力
2026-03-09 16:26:46 - INFO - 0 第1272章 东方不败
2026-03-09 16:26:46 - INFO - 0 第1273章 富家女
2026-03-09 16:26:47 - INFO - 0 第1274章 找人任务
2026-03-09 16:26:48 - INFO - 0 第1275章 打扮凌晓雨
2026-03-09 16:26:48 - INFO - 0 第1276章 公主裙
2026-03-09 16:26:49 - INFO - 0 第1278章 打假
2026-03-09 16:26:49 - INFO - 0 第1277章 拖油瓶
2026-03-09 16:26:50 - INFO - 0 第1279章 沙包砸娃娃
2026-03-09 16:26:50 - INFO - 0 第1280章 又来碰瓷
2026-03-09 16:26:51 - INFO - 0 第1281章 李昊宇
2026-03-09 16:26:52 - INFO - 0 第1282章 讨回公道
2026-03-09 16:26:53 - INFO - 0 第1283章 意外发现
2026-03-09 16:26:53 - INFO - 0 第1284章 我们分手吧
2026-03-09 16:26:53 - INFO - 0 第1285章 不好怎么做你男朋友
2026-03-09 16:26:54 - INFO - 0 第1286章 希望破灭
2026-03-09 16:26:55 - INFO - 0 第1287章 又来个嚣张的家伙？
2026-03-09 16:26:55 - INFO - 0 第1288章 紫小沐的改变
2026-03-09 16:26:56 - INFO - 0 第1289章 谁是霍天麟，出来！
2026-03-09 16:26:56 - INFO - 0 第1290章 撞枪口上了
2026-03-09 16:26:56 - INFO - 0 第1291章 太阳的后裔
2026-03-09 16:26:57 - INFO - 0 第1292章 夏玉婷归来的时间
2026-03-09 16:26:58 - INFO - 0 第1293章 累的狗了
2026-03-09 16:26:58 - INFO - 0 第1294章 命犯星煞
2026-03-09 16:26:59 - INFO - 0 第1295章 小轩的真实身份
2026-03-09 16:26:59 - INFO - 0 第1296章 拆穿对方
2026-03-09 16:26:59 - INFO - 0 第1297章 事情的真相
2026-03-09 16:27:00 - INFO - 0 第1298章 又是一份大礼
2026-03-09 16:27:01 - INFO - 0 第1299章 方赤翔的挑战
2026-03-09 16:27:01 - INFO - 0 第1300章 可怜的富二代
2026-03-09 16:27:02 - INFO - 0 第1302章 结交
2026-03-09 16:27:02 - INFO - 0 第1301章 轩辕家的人
2026-03-09 16:27:03 - INFO - 0 第1303章 空樱琉璃的生日来临
2026-03-09 16:27:03 - INFO - 0 第1304章 老爸遇袭
2026-03-09 16:27:04 - INFO - 0 第1305章 带走空樱琉璃
2026-03-09 16:27:04 - INFO - 0 第1306章 对不起，空樱！
2026-03-09 16:27:06 - INFO - 0 第1307章 熟悉的陌生人
2026-03-09 16:27:06 - INFO - 0 第1308章 十七号和十八号
2026-03-09 16:27:06 - INFO - 0 第1309章 暗杀教室
2026-03-09 16:27:07 - INFO - 0 第1310章 死亡任务
2026-03-09 16:27:08 - INFO - 0 第1311章 朱雀
2026-03-09 16:27:08 - INFO - 0 第1312章 死亡竞赛
2026-03-09 16:27:09 - INFO - 0 第1314章 最后的幸存者
2026-03-09 16:27:09 - INFO - 0 第1313章 绝境
2026-03-09 16:27:09 - INFO - 0 第1315章 青龙
2026-03-09 16:27:10 - INFO - 0 第1316章 校花的贴身高手
2026-03-09 16:27:11 - INFO - 0 第1317章 轩辕梦柔
2026-03-09 16:27:11 - INFO - 0 第1318章 轩辕梦曦
2026-03-09 16:27:12 - INFO - 0 第1319章 夏凝
2026-03-09 16:27:12 - INFO - 0 第1320章 雨夜
2026-03-09 16:27:12 - INFO - 0 第1321章 心动
2026-03-09 16:27:13 - INFO - 0 第1322章 男朋友
2026-03-09 16:27:14 - INFO - 0 第1323章 刺杀
2026-03-09 16:27:14 - INFO - 0 第1324章 诱人的条件
2026-03-09 16:27:15 - INFO - 0 第1326章 反杀
2026-03-09 16:27:15 - INFO - 0 第1325章 背叛
2026-03-09 16:27:16 - INFO - 0 第1327章 黄雀在后
2026-03-09 16:27:16 - INFO - 0 第1328章 退休
2026-03-09 16:27:17 - INFO - 0 第1329章 绑架
2026-03-09 16:27:17 - INFO - 0 第1330章 愤怒
2026-03-09 16:27:19 - INFO - 0 第1331章 牵手
2026-03-09 16:27:19 - INFO - 0 第1333章 怀春
2026-03-09 16:27:19 - INFO - 0 第1332章 喜欢
2026-03-09 16:27:20 - INFO - 0 第1334章 七夕
2026-03-09 16:27:20 - INFO - 0 第1335章 伤心
2026-03-09 16:27:21 - INFO - 0 第1336章 结婚
2026-03-09 16:27:22 - INFO - 0 第1337章 夜晚
2026-03-09 16:27:22 - INFO - 0 第1339章 婚礼
2026-03-09 16:27:22 - INFO - 0 第1338章 荒唐
2026-03-09 16:27:23 - INFO - 0 第1340章 故人
2026-03-09 16:27:24 - INFO - 0 第1341章 洞房花烛夜
2026-03-09 16:27:24 - INFO - 0 第1342章 回归
2026-03-09 16:27:25 - INFO - 0 第1343章 轩辕麟
2026-03-09 16:27:25 - INFO - 0 第1345章 真正的目的
2026-03-09 16:27:25 - INFO - 0 第1344章 失踪
2026-03-09 16:27:26 - INFO - 0 第1346章 叛逃
2026-03-09 16:27:27 - INFO - 0 第1347章 灭口
2026-03-09 16:27:27 - INFO - 0 第1348章 隐居
2026-03-09 16:27:28 - INFO - 0 第1349章 约定
2026-03-09 16:27:29 - INFO - 0 第1351章 变故
2026-03-09 16:27:30 - INFO - 0 第1352章 追杀
2026-03-09 16:27:30 - INFO - 0 第1353章 获救
2026-03-09 16:27:31 - INFO - 0 第1354章 白虎
2026-03-09 16:27:32 - INFO - 0 第1355章 心碎
2026-03-09 16:27:32 - INFO - 0 第1356章 轩辕炙
2026-03-09 16:27:33 - INFO - 0 第1357章 小泽
2026-03-09 16:27:33 - INFO - 0 第1358章 初中
2026-03-09 16:27:34 - INFO - 0 第1359章 初识
2026-03-09 16:27:35 - INFO - 0 第1360章 自己的世界
2026-03-09 16:27:35 - INFO - 0 第1361章 哥哥快醒过来！
2026-03-09 16:27:36 - INFO - 0 第1362章 久别重逢
2026-03-09 16:27:37 - INFO - 0 第1363章 决心！
2026-03-09 16:27:37 - INFO - 0 第1364章 刀山火海我陪你！
2026-03-09 16:27:38 - INFO - 0 第1365章 弥补遗憾
2026-03-09 16:27:38 - INFO - 0 第1366章 离别的时候
2026-03-09 16:27:39 - INFO - 0 第1367章 告别信
2026-03-09 16:27:40 - INFO - 0 第1368章 东京好热
2026-03-09 16:27:40 - INFO - 0 第1369章 岛国的黑社会
2026-03-09 16:27:41 - INFO - 0 第1370章 遇到熟人
2026-03-09 16:27:41 - INFO - 0 第1371章 巨大的坏消息
2026-03-09 16:27:42 - INFO - 0 第1372章 行动开始
2026-03-09 16:27:43 - INFO - 0 第1373章 金粒餐
2026-03-09 16:27:44 - INFO - 0 第1374章 生死之战！
2026-03-09 16:27:44 - INFO - 0 第1350章 慕容沧沫
2026-03-09 16:27:45 - INFO - 0 第1375章 十年之期
2026-03-09 16:27:45 - INFO - 0 第1376章 复杂的战局
2026-03-09 16:27:46 - INFO - 0 第1377章 疯狂的夜神日
2026-03-09 16:27:46 - INFO - 0 第1378章 巨大的陷阱！
2026-03-09 16:27:47 - INFO - 0 第1379章 血战！
2026-03-09 16:27:47 - INFO - 0 第1380章 这里交给我们！
2026-03-09 16:27:48 - INFO - 0 第1381章 命运选择
2026-03-09 16:27:48 - INFO - 0 第1382章 不要再做傻事了
2026-03-09 16:27:49 - INFO - 0 第1386章 破茧重生
2026-03-09 16:27:49 - INFO - 0 第1383章 爱，一直在身边
2026-03-09 16:27:50 - INFO - 0 第1384章 特制的凉茶
2026-03-09 16:27:50 - INFO - 0 第1385章 焦躁的空樱
2026-03-09 16:27:51 - INFO - 0 第1387章 告白
2026-03-09 16:27:51 - INFO - 0 第1388章 我想静静
2026-03-09 16:27:52 - INFO - 0 第1389章 缘之空的地方
2026-03-09 16:27:52 - INFO - 0 第1390章 第二次邪恶计划
2026-03-09 16:27:53 - INFO - 0 第1391章 吃坏肚子
2026-03-09 16:27:53 - INFO - 0 第1392章 丧尸暴龙兽！
2026-03-09 16:27:54 - INFO - 0 第1394章 真相大白
2026-03-09 16:27:54 - INFO - 0 第1393章 切腹
2026-03-09 16:27:55 - INFO - 0 第1395章 探病
2026-03-09 16:27:55 - INFO - 0 第1396章 美姬的请求
2026-03-09 16:27:56 - INFO - 0 第1397章 不能错第三次
2026-03-09 16:27:57 - INFO - 0 第1398章 一家团聚
2026-03-09 16:27:58 - INFO - 0 第1400章 回国
2026-03-09 16:27:58 - INFO - 0 第1399章 我们的孩子
2026-03-09 16:27:58 - INFO - 0 第1718章 第一千六百二十二章
2026-03-09 16:27:59 - INFO - 0 第1717章 得不到的便要毁掉！
2026-03-09 16:27:59 - INFO - 0 第1716章 火上浇油
2026-03-09 16:28:00 - INFO - 0 第1715章 公审大会！
2026-03-09 16:28:01 - INFO - 0 第1714章 对不起，生日快乐
2026-03-09 16:28:01 - INFO - 0 第1713章 哥哥回家了
2026-03-09 16:28:02 - INFO - 0 第1712章 希望的光芒！
2026-03-09 16:28:02 - INFO - 0 第1711章 我要做哥哥的.....
2026-03-09 16:28:03 - INFO - 0 第1710章 我果然是个失败的哥哥！
2026-03-09 16:28:03 - INFO - 0 第1709章 我不要你了！
2026-03-09 16:28:04 - INFO - 0 第1708章 绝望
2026-03-09 16:28:04 - INFO - 0 第1707章 一切都快结束了
2026-03-09 16:28:05 - INFO - 0 第1401章 感情的纠结
2026-03-09 16:28:05 - INFO - 0 第1402章 姐姐，一定要幸福
2026-03-09 16:28:06 - INFO - 0 第1403章 再遇黑衣人
2026-03-09 16:28:06 - INFO - 0 第1404章 我有个哥哥
2026-03-09 16:28:07 - INFO - 0 第1405章 找凌晓雨摊牌
2026-03-09 16:28:07 - INFO - 0 第1406章 对不起，班长
2026-03-09 16:28:08 - INFO - 0 第1408章 分手吧！
2026-03-09 16:28:08 - INFO - 0 第1407章 愤怒的凌晓雨
2026-03-09 16:28:09 - INFO - 0 第1409章 重新选择的机会
2026-03-09 16:28:09 - INFO - 0 第1410章 空樱的决心
2026-03-09 16:28:10 - INFO - 0 第1412章 跟不上空樱的思想了
2026-03-09 16:28:11 - INFO - 0 第1411章 完美的感受
2026-03-09 16:28:11 - INFO - 0 第1414章 约定
2026-03-09 16:28:11 - INFO - 0 第1413章 我的身世之谜
2026-03-09 16:28:12 - INFO - 0 第1415章 不要不理我
2026-03-09 16:28:13 - INFO - 0 第1416章 紫小沐疯了
2026-03-09 16:28:14 - INFO - 0 第1417章 霍天麟，我杀了你！
2026-03-09 16:28:14 - INFO - 0 第1418章 精神干扰
2026-03-09 16:28:15 - INFO - 0 第1419章 何尚退学
2026-03-09 16:28:15 - INFO - 0 第1420章 记忆复苏
2026-03-09 16:28:15 - INFO - 0 第1421章 怎么补偿我
2026-03-09 16:28:16 - INFO - 0 第1422章 不想只做你妹妹
2026-03-09 16:28:17 - INFO - 0 第1423章 两份大礼
2026-03-09 16:28:17 - INFO - 0 第1424章 真假难辨
2026-03-09 16:28:18 - INFO - 0 第1425章 耍流氓
2026-03-09 16:28:18 - INFO - 0 第1426章 不要可惜了
2026-03-09 16:28:19 - INFO - 0 第1427章 小冰
2026-03-09 16:28:19 - INFO - 0 第1428章 特殊的手术
2026-03-09 16:28:20 - INFO - 0 第1429章 大战将至
2026-03-09 16:28:20 - INFO - 0 第1430章 轩辕炙的决心
2026-03-09 16:28:20 - INFO - 0 第1433章 脸怎么这么红？
2026-03-09 16:28:21 - INFO - 0 第1431章 楚碎碎
2026-03-09 16:28:21 - INFO - 0 第1432章 开心的事情
2026-03-09 16:28:22 - INFO - 0 第1434章 二师兄的结论
2026-03-09 16:28:23 - INFO - 0 第1435章 遭遇埋伏
2026-03-09 16:28:23 - INFO - 0 第1436章 擒贼先擒王
2026-03-09 16:28:24 - INFO - 0 第1437章 模糊的身影
2026-03-09 16:28:24 - INFO - 0 第1438章 杀了洛炎！
2026-03-09 16:28:24 - INFO - 0 第1439章 神秘的文件
2026-03-09 16:28:26 - INFO - 0 第1440章 是敌是友？
2026-03-09 16:28:27 - INFO - 0 第1442章 子欲养而亲不待
2026-03-09 16:28:27 - INFO - 0 第1441章 十六岁生日
2026-03-09 16:28:27 - INFO - 0 第1443章 把女儿托付给我
2026-03-09 16:28:27 - INFO - 0 第1444章 霍痴汉，你骗我！
2026-03-09 16:28:28 - INFO - 0 第1445章 最坏的结果发生了
2026-03-09 16:28:29 - INFO - 0 第1446章 这次还要推开我吗？
2026-03-09 16:28:30 - INFO - 0 第1447章 像女朋友一样对待我
2026-03-09 16:28:30 - INFO - 0 第1448章 又是轩辕家！
2026-03-09 16:28:30 - INFO - 0 第1449章 魔都东方家
2026-03-09 16:28:31 - INFO - 0 第1450章 震惊的消息
2026-03-09 16:28:31 - INFO - 0 第1451章 洛炎危险！
2026-03-09 16:28:32 - INFO - 0 第1452章 血流成河
2026-03-09 16:28:33 - INFO - 0 第1453章 不死不休！
2026-03-09 16:28:33 - INFO - 0 第1454章 生日快乐
2026-03-09 16:28:33 - INFO - 0 第1455章 出发，妖都！
2026-03-09 16:28:34 - INFO - 0 第1456章 神级伪娘
2026-03-09 16:28:34 - INFO - 0 第1457章 打探消息
2026-03-09 16:28:35 - INFO - 0 第1458章 失败被擒
2026-03-09 16:28:36 - INFO - 0 第1460章 委屈的百里紫冰
2026-03-09 16:28:36 - INFO - 0 第1459章 混进轩辕家
2026-03-09 16:28:36 - INFO - 0 第1461章 畜生！
2026-03-09 16:28:37 - INFO - 0 第1462章 蒙面大侠
2026-03-09 16:28:38 - INFO - 0 第1463章 兄弟相逢！
2026-03-09 16:28:39 - INFO - 0 第1464章 躁动的百里紫冰
2026-03-09 16:28:39 - INFO - 0 第1466章 情人合约
2026-03-09 16:28:40 - INFO - 0 第1467章 轩辕炙有请
2026-03-09 16:28:40 - INFO - 0 第1465章 一定是打开的方式不对！
2026-03-09 16:28:40 - INFO - 0 第1468章 自相残杀！
2026-03-09 16:28:41 - INFO - 0 第1469章 真相大白
2026-03-09 16:28:42 - INFO - 0 第1470章 疯狂的决定
2026-03-09 16:28:43 - INFO - 0 第1471章 刺激的事情
2026-03-09 16:28:43 - INFO - 0 第1473章 现场
2026-03-09 16:28:43 - INFO - 0 第1472章 做贼心虚
2026-03-09 16:28:44 - INFO - 0 第1474章 暴力城市
2026-03-09 16:28:44 - INFO - 0 第1475章 胯下之辱
2026-03-09 16:28:45 - INFO - 0 第1476章 我叫火麟！
2026-03-09 16:28:46 - INFO - 0 第1477章 风暴！
2026-03-09 16:28:46 - INFO - 0 第1478章 伪装者
2026-03-09 16:28:46 - INFO - 0 第1479章 新的一年来临了
2026-03-09 16:28:47 - INFO - 0 第1480章 涪城市，我回来了！
2026-03-09 16:28:47 - INFO - 0 第1481章 悲伤的吴瑕
2026-03-09 16:28:48 - INFO - 0 第1482章 我要报警！
2026-03-09 16:28:49 - INFO - 0 第1483章 再次相见
2026-03-09 16:28:50 - INFO - 0 第1484章 魔兽世界
2026-03-09 16:28:50 - INFO - 0 第1485章 星星！
2026-03-09 16:28:50 - INFO - 0 第1486章 正式宣战！
2026-03-09 16:28:51 - INFO - 0 第1487章 父子对战
2026-03-09 16:28:52 - INFO - 0 第1488章 神秘的暗金瞳
2026-03-09 16:28:53 - INFO - 0 第1489章 母子相见！
2026-03-09 16:28:53 - INFO - 0 第1490章 雏鹰计划失败
2026-03-09 16:28:53 - INFO - 0 第1491章 大敌来袭！
2026-03-09 16:28:53 - INFO - 0 第1492章 亡命追击
2026-03-09 16:28:54 - INFO - 0 第1493章 姐妹相见！
2026-03-09 16:28:55 - INFO - 0 第1494章 这一巴掌是我还你的！
2026-03-09 16:28:56 - INFO - 0 第1495章 对不起，妈妈
2026-03-09 16:28:56 - INFO - 0 第1496章 姐姐，我的痛苦还给你！
2026-03-09 16:28:56 - INFO - 0 第1497章 营救计划
2026-03-09 16:28:57 - INFO - 0 第1498章 用自己的方式鼓励
2026-03-09 16:28:57 - INFO - 0 第1499章 集结，妖都！
2026-03-09 16:28:58 - INFO - 0 第1500章 似曾相识的一幕
2026-03-09 16:28:59 - INFO - 0 第1501章 开战！
2026-03-09 16:28:59 - INFO - 0 第1502章 心如血滴！
2026-03-09 16:28:59 - INFO - 0 第1503章 烈焰复仇！
2026-03-09 16:29:00 - INFO - 0 第1504章 恩怨终了
2026-03-09 16:29:01 - INFO - 0 第1505章 第二个紫瞳
2026-03-09 16:29:01 - INFO - 0 第1506章 轩辕炙的选择
2026-03-09 16:29:02 - INFO - 0 第1507章 洛炎归来
2026-03-09 16:29:02 - INFO - 0 第1508章 谢谢，哥
2026-03-09 16:29:03 - INFO - 0 第1509章 不流血的战斗
2026-03-09 16:29:03 - INFO - 0 第1510章 众叛亲离
2026-03-09 16:29:04 - INFO - 0 第1511章 白虎的身份
2026-03-09 16:29:04 - INFO - 0 第1512章 天启计划
2026-03-09 16:29:05 - INFO - 0 第1513章 终极之战！
2026-03-09 16:29:06 - INFO - 0 第1514章 直捣黄龙
2026-03-09 16:29:06 - INFO - 0 第1515章 冰火夜叉女
2026-03-09 16:29:07 - INFO - 0 第1516章 血战轩辕尊！
2026-03-09 16:29:07 - INFO - 0 第1517章 兄弟倪墙
2026-03-09 16:29:08 - INFO - 0 第1518章 残忍的选择
2026-03-09 16:29:09 - INFO - 0 第1519章 尘埃落定
2026-03-09 16:29:09 - INFO - 0 第1520章 轩辕家的新主人
2026-03-09 16:29:09 - INFO - 0 第1521章 总有刁民要害朕
2026-03-09 16:29:10 - INFO - 0 第1522章 琉璃的二次发育
2026-03-09 16:29:10 - INFO - 0 第1523章 奇怪的伊蓝
2026-03-09 16:29:11 - INFO - 0 第1524章 空樱的人生咨询
2026-03-09 16:29:12 - INFO - 0 第1525章 一个红包都不给我！
2026-03-09 16:29:12 - INFO - 0 第1526章 三个女人一台戏
2026-03-09 16:29:12 - INFO - 0 第1527章 众女大乱斗！
2026-03-09 16:29:13 - INFO - 0 第1528章 我们家的儿媳妇
2026-03-09 16:29:13 - INFO - 0 第1529章 情况失控
2026-03-09 16:29:14 - INFO - 0 第1530章 众女摊牌
2026-03-09 16:29:15 - INFO - 0 第1531章 奇葩的决定
2026-03-09 16:29:15 - INFO - 0 第1533章 更加邪恶的事情
2026-03-09 16:29:15 - INFO - 0 第1532章 苍井美姬又想干什么？
2026-03-09 16:29:16 - INFO - 0 第1534章 污妖王，苍井美姬
2026-03-09 16:29:17 - INFO - 0 第1535章 晚上的福利？
2026-03-09 16:29:18 - INFO - 0 第1536章 空樱的异常
2026-03-09 16:29:18 - INFO - 0 第1537章 不安的心
2026-03-09 16:29:19 - INFO - 0 第1538章 宁死不屈！
2026-03-09 16:29:19 - INFO - 0 第1539章 看望冷星星
2026-03-09 16:29:19 - INFO - 0 第1540章 吃醋
2026-03-09 16:29:20 - INFO - 0 第1541章 巨额挑战赛
2026-03-09 16:29:21 - INFO - 0 第1542章 新仇旧恨一起算！
2026-03-09 16:29:22 - INFO - 0 第1543章 调戏凌晓雨（补章节）
2026-03-09 16:29:22 - INFO - 0 第1544章 大仇得报
2026-03-09 16:29:22 - INFO - 0 第1545章 冷星星杀来！
2026-03-09 16:29:23 - INFO - 0 第1546章 决斗凌晓雨
2026-03-09 16:29:23 - INFO - 0 第1547章 霍天麟，你又耍流氓！
2026-03-09 16:29:24 - INFO - 0 第1548章 电脑和我你选谁？
2026-03-09 16:29:25 - INFO - 0 第1549章 新买的内衣
2026-03-09 16:29:25 - INFO - 0 第1551章 你哥刚走就乱来？
2026-03-09 16:29:25 - INFO - 0 第1550章 差点被折腾死
2026-03-09 16:29:26 - INFO - 0 第1552章 夏玉婷的计划
2026-03-09 16:29:26 - INFO - 0 第1553章 你们半夜来一下我房间
2026-03-09 16:29:27 - INFO - 0 第1554章 又是女仆装！
2026-03-09 16:29:28 - INFO - 0 第1555章 误会闹大了
2026-03-09 16:29:28 - INFO - 0 第1557章 更加刺激的事情
2026-03-09 16:29:28 - INFO - 0 第1556章 旅游计划
2026-03-09 16:29:29 - INFO - 0 第1558章 与苍井美姬的约定
2026-03-09 16:29:29 - INFO - 0 第1559章 没羞没躁的生活
2026-03-09 16:29:30 - INFO - 0 第1560章 安顿住处
2026-03-09 16:29:31 - INFO - 0 第1561章 比基尼温泉
2026-03-09 16:29:32 - INFO - 0 第1563章 我们中出了个叛徒
2026-03-09 16:29:32 - INFO - 0 第1562章 身体又不老实了
2026-03-09 16:29:33 - INFO - 0 第1564章 私人海域
2026-03-09 16:29:33 - INFO - 0 第1565章 做点提神的事情
2026-03-09 16:29:34 - INFO - 0 第1566章 营养又跟不上了
2026-03-09 16:29:35 - INFO - 0 第1567章 又是一波福利
2026-03-09 16:29:35 - INFO - 0 第1568章 脑袋进水
2026-03-09 16:29:35 - INFO - 0 第1569章 羞羞的游戏
2026-03-09 16:29:36 - INFO - 0 第1570章 一来就这么暧昧？
2026-03-09 16:29:36 - INFO - 0 第1571章 玩砸了
2026-03-09 16:29:37 - INFO - 0 第1572章 偷窥狂
2026-03-09 16:29:38 - INFO - 0 第1573章 唯一可以报答哥哥的
2026-03-09 16:29:38 - INFO - 0 第1574章 抓捕偷窥狂
2026-03-09 16:29:38 - INFO - 0 第1575章 鱼儿上钩
2026-03-09 16:29:39 - INFO - 0 第1576章 倒霉的轩辕炙
2026-03-09 16:29:39 - INFO - 0 第1577章 琉璃求调叫？
2026-03-09 16:29:40 - INFO - 0 第1578章 哥哥，空樱做了对不起你的事情！
2026-03-09 16:29:41 - INFO - 0 第1579章 苍井美姬杀来
2026-03-09 16:29:41 - INFO - 0 第1580章 感觉身体被掏空了
2026-03-09 16:29:41 - INFO - 0 第1581章 勾引战术
2026-03-09 16:29:42 - INFO - 0 第1582章 都喜欢夜袭
2026-03-09 16:29:42 - INFO - 0 第1583章 美姬出事
2026-03-09 16:29:43 - INFO - 0 第1584章 欲火和怒火！
2026-03-09 16:29:44 - INFO - 0 第1585章 后悔也没用了
2026-03-09 16:29:45 - INFO - 0 第1586章 旅行结束
2026-03-09 16:29:45 - INFO - 0 第1587章 唐果要离开这里？
2026-03-09 16:29:45 - INFO - 0 第1588章 唐果的男朋友
2026-03-09 16:29:46 - INFO - 0 第1589章 想激怒我？
2026-03-09 16:29:47 - INFO - 0 第1590章 乱摸的下场
2026-03-09 16:29:48 - INFO - 0 第1591章 买我一只手
2026-03-09 16:29:48 - INFO - 0 第1592章 恐怖的怪物！
2026-03-09 16:29:48 - INFO - 0 第1593章 同志，你这把刀登记了没有啊？
2026-03-09 16:29:49 - INFO - 0 第1594章 梦幻的约会
2026-03-09 16:29:49 - INFO - 0 第1595章 做什么都可以
2026-03-09 16:29:50 - INFO - 0 第1596章 做班长一样的事情
2026-03-09 16:29:51 - INFO - 0 第1597章 让唐果做内应
2026-03-09 16:29:51 - INFO - 0 第1598章 特意来暖床的
2026-03-09 16:29:51 - INFO - 0 第1599章 对唐果的承诺
2026-03-09 16:29:52 - INFO - 0 第1600章 约会计划表
2026-03-09 16:29:52 - INFO - 0 第1718章 第一千六百二十二章
2026-03-09 16:29:53 - INFO - 0 第1717章 得不到的便要毁掉！
2026-03-09 16:29:54 - INFO - 0 第1716章 火上浇油
2026-03-09 16:29:54 - INFO - 0 第1715章 公审大会！
2026-03-09 16:29:55 - INFO - 0 第1714章 对不起，生日快乐
2026-03-09 16:29:55 - INFO - 0 第1713章 哥哥回家了
2026-03-09 16:29:55 - INFO - 0 第1712章 希望的光芒！
2026-03-09 16:29:56 - INFO - 0 第1711章 我要做哥哥的.....
2026-03-09 16:29:57 - INFO - 0 第1710章 我果然是个失败的哥哥！
2026-03-09 16:29:57 - INFO - 0 第1709章 我不要你了！
2026-03-09 16:29:58 - INFO - 0 第1708章 绝望
2026-03-09 16:29:58 - INFO - 0 第1707章 一切都快结束了
2026-03-09 16:29:58 - INFO - 0 第1601章 喝咖啡，茶，还是我？
2026-03-09 16:30:00 - INFO - 0 第1602章 角色扮演
2026-03-09 16:30:00 - INFO - 0 第1603章 真正的目的
2026-03-09 16:30:01 - INFO - 0 第1604章 空樱的继承权
2026-03-09 16:30:01 - INFO - 0 第1605章 空樱的选择！
2026-03-09 16:30:01 - INFO - 0 第1606章 不舍的心
2026-03-09 16:30:02 - INFO - 0 第1607章 提前体验一下
2026-03-09 16:30:03 - INFO - 0 第1608章 熟悉的四川话棒子？
2026-03-09 16:30:04 - INFO - 0 第1609章 一个能打的都没有
2026-03-09 16:30:04 - INFO - 0 第1610章 东方赤翔有请
2026-03-09 16:30:04 - INFO - 0 第1611章 鸿门宴？
2026-03-09 16:30:05 - INFO - 0 第1612章 和轩辕家结盟
2026-03-09 16:30:05 - INFO - 0 第1613章 百里紫冰也来了
2026-03-09 16:30:06 - INFO - 0 第1614章 龟田的阴谋
2026-03-09 16:30:07 - INFO - 0 第1615章 晚上来我房间
2026-03-09 16:30:07 - INFO - 0 第1616章 小情人的奖励
2026-03-09 16:30:07 - INFO - 0 第1617章 玉女和YU女
2026-03-09 16:30:08 - INFO - 0 第1618章 杨雷死了？
2026-03-09 16:30:08 - INFO - 0 第1619章 狠毒的计划
2026-03-09 16:30:09 - INFO - 0 第1620章 异常的情况
2026-03-09 16:30:10 - INFO - 0 第1621章 神秘的交易
2026-03-09 16:30:10 - INFO - 0 第1622章 老傅会亲自走货
2026-03-09 16:30:11 - INFO - 0 第1623章 逃离魔都
2026-03-09 16:30:11 - INFO - 0 第1624章 活命的机会
2026-03-09 16:30:11 - INFO - 0 第1625章 脱险
2026-03-09 16:30:13 - INFO - 0 第1626章 林家覆灭！
2026-03-09 16:30:13 - INFO - 0 第1627章 命劫将近！
2026-03-09 16:30:14 - INFO - 0 第1628章 恶灵退散！
2026-03-09 16:30:14 - INFO - 0 第1629章 唐果失踪
2026-03-09 16:30:14 - INFO - 0 第1630章 东京出事！
2026-03-09 16:30:15 - INFO - 0 第1631章 再见武藤里美
2026-03-09 16:30:16 - INFO - 0 第1632章 这是最后一次
2026-03-09 16:30:17 - INFO - 0 第1633章 你不要里美了吗？
2026-03-09 16:30:17 - INFO - 0 第1634章 来个了结！
2026-03-09 16:30:17 - INFO - 0 第1635章 夜幕下的杀机
2026-03-09 16:30:17 - INFO - 0 第1636章 傀儡杀手唐果
2026-03-09 16:30:18 - INFO - 0 第1637章 果然，我还是做不到啊
2026-03-09 16:30:19 - INFO - 0 第1638章 对不起，里美也做不到！
2026-03-09 16:30:20 - INFO - 0 第1639章 出狱
2026-03-09 16:30:20 - INFO - 0 第1640章 请自备狗粮再看
2026-03-09 16:30:20 - INFO - 0 第1641章 替我照看里美
2026-03-09 16:30:21 - INFO - 0 第1642章 把我灌醉？
2026-03-09 16:30:21 - INFO - 0 第1643章 喝酒误事啊！
2026-03-09 16:30:22 - INFO - 0 第1644章 我霍天麟又回来了！
2026-03-09 16:30:23 - INFO - 0 第1645章 舌尖上的霍天麟
2026-03-09 16:30:24 - INFO - 0 第1646章 第一女神凌娜
2026-03-09 16:30:24 - INFO - 0 第1647章 御女心法
2026-03-09 16:30:24 - INFO - 0 第1648章 等了我十六年？
2026-03-09 16:30:25 - INFO - 0 第1649章 大祸临头
2026-03-09 16:30:26 - INFO - 0 第1650章 玛德制杖
2026-03-09 16:30:26 - INFO - 0 第1651章 我漂亮还是她漂亮
2026-03-09 16:30:27 - INFO - 0 第1652章 暗金瞳少女！
2026-03-09 16:30:27 - INFO - 0 第1653章 想单独和你在一起
2026-03-09 16:30:27 - INFO - 0 第1654章 东方家也毁了？
2026-03-09 16:30:28 - INFO - 0 第1655章 疯狂的伊蓝
2026-03-09 16:30:29 - INFO - 0 第1656章 妖艳贱货
2026-03-09 16:30:30 - INFO - 0 第1657章 下一次见面，需要很久......
2026-03-09 16:30:30 - INFO - 0 第1658章 小轩有消息了！
2026-03-09 16:30:30 - INFO - 0 第1659章 我来告诉你答案！
2026-03-09 16:30:30 - INFO - 0 第1660章 对不起，麟哥！
2026-03-09 16:30:31 - INFO - 0 第1661章 营救开始！
2026-03-09 16:30:32 - INFO - 0 第1662章 不是游戏，而是改变世界
2026-03-09 16:30:33 - INFO - 0 第1663章 天启计划的秘密
2026-03-09 16:30:33 - INFO - 0 第1664章 麟哥，让我赎罪吧
2026-03-09 16:30:33 - INFO - 0 第1665章 该上路了
2026-03-09 16:30:34 - INFO - 0 第1666章 哥哥，空樱不怕
2026-03-09 16:30:34 - INFO - 0 第1667章 生命的赌局
2026-03-09 16:30:35 - INFO - 0 第1668章 万箭穿心
2026-03-09 16:30:36 - INFO - 0 第1669章 黎明前的黑暗
2026-03-09 16:30:36 - INFO - 0 第1670章 天启计划成功！
2026-03-09 16:30:37 - INFO - 0 第1672章 真正的该结束了！
2026-03-09 16:30:37 - INFO - 0 第1671章 疯子
2026-03-09 16:30:38 - INFO - 0 第1673章 毁灭程序
2026-03-09 16:30:38 - INFO - 0 第1675章 对不起，哥哥无法再保护你们了
2026-03-09 16:30:39 - INFO - 0 第1674章 有我在，你别想伤害她们！
2026-03-09 16:30:40 - INFO - 0 第1676章 我叫霍天麟！
2026-03-09 16:30:40 - INFO - 0 第1678章 林医生
2026-03-09 16:30:40 - INFO - 0 第1677章 我，不是我？
2026-03-09 16:30:41 - INFO - 0 第1679章 平行世界？
2026-03-09 16:30:41 - INFO - 0 第1680章 被抹去的痕迹
2026-03-09 16:30:42 - INFO - 0 第1681章 霍天麟已死！
2026-03-09 16:30:43 - INFO - 0 第1682章 我要回家！
2026-03-09 16:30:43 - INFO - 0 第1684章 斗篷人
2026-03-09 16:30:43 - INFO - 0 第1683章 奇怪的警告
2026-03-09 16:30:44 - INFO - 0 第1686章 对不起，空樱
2026-03-09 16:30:44 - INFO - 0 第1685章 好久不见
2026-03-09 16:30:45 - INFO - 0 第1687章 老天的捉弄
2026-03-09 16:30:46 - INFO - 0 第1688章 空樱的悲伤
2026-03-09 16:30:46 - INFO - 0 第1689章 物是人非
2026-03-09 16:30:47 - INFO - 0 第1690章 被怀疑了
2026-03-09 16:30:48 - INFO - 0 第1691章 崩溃！
2026-03-09 16:30:48 - INFO - 0 第1692章 记忆的分界线
2026-03-09 16:30:48 - INFO - 0 第1693章 重返校园
2026-03-09 16:30:49 - INFO - 0 第1694章 相信自己的内心？
2026-03-09 16:30:50 - INFO - 0 第1695章 形同陌路
2026-03-09 16:30:50 - INFO - 0 第1696章 你不是天麟哥！
2026-03-09 16:30:51 - INFO - 0 第1697章 哥哥会保护你们的
2026-03-09 16:30:51 - INFO - 0 第1698章 你是我哥哥吗？
2026-03-09 16:30:52 - INFO - 0 第1699章 又暴露了
2026-03-09 16:30:53 - INFO - 0 第1700章 霍天麟，是男人就给我站住！
2026-03-09 16:30:53 - INFO - 0 第1702章 深红色的瞳孔
2026-03-09 16:30:53 - INFO - 0 第1701章 该做的事情
2026-03-09 16:30:54 - INFO - 0 第1703章 冰冷的雨
2026-03-09 16:30:54 - INFO - 0 第1704章 冷星星的选择
2026-03-09 16:30:55 - INFO - 0 第1705章 属于你的一切都毁掉！
2026-03-09 16:30:56 - INFO - 0 第1706章 你逃不了
2026-03-09 16:30:56 - INFO - 0 第1708章 绝望
2026-03-09 16:30:56 - INFO - 0 第1707章 一切都快结束了
2026-03-09 16:30:57 - INFO - 0 第1709章 我不要你了！
2026-03-09 16:30:57 - INFO - 0 第1710章 我果然是个失败的哥哥！
2026-03-09 16:30:58 - INFO - 0 第1711章 我要做哥哥的.....
2026-03-09 16:30:59 - INFO - 0 第1712章 希望的光芒！
2026-03-09 16:30:59 - INFO - 0 第1714章 对不起，生日快乐
2026-03-09 16:30:59 - INFO - 0 第1713章 哥哥回家了
2026-03-09 16:31:00 - INFO - 0 第1715章 公审大会！
2026-03-09 16:31:00 - INFO - 0 第1716章 火上浇油
2026-03-09 16:31:01 - INFO - 0 第1717章 得不到的便要毁掉！
2026-03-09 16:31:02 - INFO - 0 第1718章 第一千六百二十二章
